"TimeCreated"	"Id"	"LevelDisplayName"	"ProviderName"	"Message"
"2025/12/01 08:51:22"	"1000"	"Error"	"Application Error"	"Faulting application name: svchost.exe_smphost, version: 10.0.26100.5074, time stamp: 0x00e1a740
Faulting module name: mispace.dll_unloaded, version: 10.0.26100.7019, time stamp: 0x7bbfe797
Exception code: 0xc0000005
Fault offset: 0x000000000017cdb7
Faulting process id: 0x73C0
Faulting application start time: 0x1DC6226C2B17DF0
Faulting application path: C:\WINDOWS\System32\svchost.exe
Faulting module path: mispace.dll
Report Id: a5677407-6c04-4bf1-9b55-6fb3922d687b
Faulting package full name: 
Faulting package-relative application ID: "
"2025/11/30 13:45:19"	"1023"	"Error"	"Microsoft-Windows-Perflib"	"Windows cannot load the extensible counter DLL ""C:\WINDOWS\system32\sysmain.dll"" (Win32 error code The specified module could not be found.)."
"2025/11/30 13:45:19"	"1008"	"Warning"	"Microsoft-Windows-Perflib"	"The Open procedure for service ""BITS"" in DLL ""C:\Windows\System32\bitsperf.dll"" failed with error code The system cannot find the file specified.. Performance data for this service will not be available."
"2025/11/30 13:33:01"	"1023"	"Error"	"Microsoft-Windows-Perflib"	"Windows cannot load the extensible counter DLL ""C:\WINDOWS\system32\sysmain.dll"" (Win32 error code The specified module could not be found.)."
"2025/11/29 13:31:40"	"1023"	"Error"	"Microsoft-Windows-Perflib"	"Windows cannot load the extensible counter DLL ""C:\WINDOWS\system32\sysmain.dll"" (Win32 error code The specified module could not be found.)."
"2025/11/29 13:31:40"	"1008"	"Warning"	"Microsoft-Windows-Perflib"	"The Open procedure for service ""BITS"" in DLL ""C:\Windows\System32\bitsperf.dll"" failed with error code The system cannot find the file specified.. Performance data for this service will not be available."
"2025/11/28 15:49:57"	"1000"	"Error"	"Application Error"	"Faulting application name: FortniteClient-Win64-Shipping.exe, version: 5.7.0.0, time stamp: 0x82bc8ca6
Faulting module name: FortniteClient-Win64-Shipping.exe, version: 5.7.0.0, time stamp: 0x82bc8ca6
Exception code: 0xc0000005
Fault offset: 0x00000000003913ce
Faulting process id: 0x1D70
Faulting application start time: 0x1DC60686C0B586F
Faulting application path: C:\Program Files\Epic Games\Fortnite\FortniteGame\Binaries\Win64\FortniteClient-Win64-Shipping.exe
Faulting module path: C:\Program Files\Epic Games\Fortnite\FortniteGame\Binaries\Win64\FortniteClient-Win64-Shipping.exe
Report Id: 8deac08b-88bd-4204-8309-8202a01c4d49
Faulting package full name: 
Faulting package-relative application ID: "
"2025/11/28 12:29:53"	"1023"	"Error"	"Microsoft-Windows-Perflib"	"Windows cannot load the extensible counter DLL ""C:\WINDOWS\system32\sysmain.dll"" (Win32 error code The specified module could not be found.)."
"2025/11/28 12:29:53"	"1008"	"Warning"	"Microsoft-Windows-Perflib"	"The Open procedure for service ""BITS"" in DLL ""C:\Windows\System32\bitsperf.dll"" failed with error code The system cannot find the file specified.. Performance data for this service will not be available."
"2025/11/28 12:17:25"	"1023"	"Error"	"Microsoft-Windows-Perflib"	"Windows cannot load the extensible counter DLL ""C:\WINDOWS\system32\sysmain.dll"" (Win32 error code The specified module could not be found.)."
"2025/11/27 12:15:27"	"1023"	"Error"	"Microsoft-Windows-Perflib"	"Windows cannot load the extensible counter DLL ""C:\WINDOWS\system32\sysmain.dll"" (Win32 error code The specified module could not be found.)."
"2025/11/27 12:15:27"	"1008"	"Warning"	"Microsoft-Windows-Perflib"	"The Open procedure for service ""BITS"" in DLL ""C:\Windows\System32\bitsperf.dll"" failed with error code The system cannot find the file specified.. Performance data for this service will not be available."
"2025/11/26 14:13:52"	"1008"	"Warning"	"Microsoft-Windows-Perflib"	"The Open procedure for service ""WmiApRpl"" in DLL ""C:\WINDOWS\system32\wbem\wmiaprpl.dll"" failed with error code The device is not ready.. Performance data for this service will not be available."
"2025/11/26 14:13:52"	"1008"	"Warning"	"Microsoft-Windows-Perflib"	"The Open procedure for service ""WmiApRpl"" in DLL ""C:\WINDOWS\system32\wbem\wmiaprpl.dll"" failed with error code The device is not ready.. Performance data for this service will not be available."
"2025/11/26 14:13:52"	"1008"	"Warning"	"Microsoft-Windows-Perflib"	"The Open procedure for service ""MSDTC"" in DLL ""C:\WINDOWS\system32\msdtcuiu.DLL"" failed with error code Access is denied.. Performance data for this service will not be available."
"2025/11/26 14:13:48"	"63"	"Warning"	"Microsoft-Windows-WMI"	"A provider, IntelMEProv, has been registered in the Windows Management Instrumentation namespace root\Intel_ME to use the LocalSystem account. This account is privileged and the provider may cause a security violation if it does not correctly impersonate user requests."
"2025/11/26 14:13:48"	"63"	"Warning"	"Microsoft-Windows-WMI"	"A provider, IntelMEProv, has been registered in the Windows Management Instrumentation namespace root\Intel_ME to use the LocalSystem account. This account is privileged and the provider may cause a security violation if it does not correctly impersonate user requests."
"2025/11/26 14:13:48"	"63"	"Warning"	"Microsoft-Windows-WMI"	"A provider, IntelMEProv, has been registered in the Windows Management Instrumentation namespace root\Intel_ME to use the LocalSystem account. This account is privileged and the provider may cause a security violation if it does not correctly impersonate user requests."
"2025/11/26 14:13:42"	"1008"	"Warning"	"Microsoft-Windows-Perflib"	"The Open procedure for service "".NETFramework"" in DLL ""C:\WINDOWS\system32\mscoree.dll"" failed with error code Access is denied.. Performance data for this service will not be available."
"2025/11/26 14:08:38"	"13"	"Error"	"VSS"	"Volume Shadow Copy Service information: The COM Server with CLSID {4e14fba2-2e22-11d1-9964-00c04fbbb345} and name CEventSystem cannot be started. [0x8007045b, A system shutdown is in progress.
] "
"2025/11/26 12:54:27"	"1000"	"Error"	"Application Error"	"Faulting application name: svchost.exe_smphost, version: 10.0.26100.5074, time stamp: 0x00e1a740
Faulting module name: mispace.dll_unloaded, version: 10.0.26100.7019, time stamp: 0x7bbfe797
Exception code: 0xc0000005
Fault offset: 0x000000000017cdb7
Faulting process id: 0x536C
Faulting application start time: 0x1DC5EBED7D01928
Faulting application path: C:\WINDOWS\System32\svchost.exe
Faulting module path: mispace.dll
Report Id: 999682ec-0654-4498-ba1a-359f4a3e8b70
Faulting package full name: 
Faulting package-relative application ID: "
"2025/11/26 12:14:59"	"1023"	"Error"	"Microsoft-Windows-Perflib"	"Windows cannot load the extensible counter DLL ""C:\WINDOWS\system32\sysmain.dll"" (Win32 error code The specified module could not be found.)."
"2025/11/26 12:14:59"	"1008"	"Warning"	"Microsoft-Windows-Perflib"	"The Open procedure for service ""BITS"" in DLL ""C:\Windows\System32\bitsperf.dll"" failed with error code The system cannot find the file specified.. Performance data for this service will not be available."
"2025/11/26 11:58:40"	"1023"	"Error"	"Microsoft-Windows-Perflib"	"Windows cannot load the extensible counter DLL ""C:\WINDOWS\system32\sysmain.dll"" (Win32 error code The specified module could not be found.)."
"2025/11/25 20:07:24"	"1000"	"Error"	"Application Error"	"Faulting application name: svchost.exe_smphost, version: 10.0.26100.5074, time stamp: 0x00e1a740
Faulting module name: mispace.dll_unloaded, version: 10.0.26100.7019, time stamp: 0x7bbfe797
Exception code: 0xc0000005
Fault offset: 0x000000000017cdb7
Faulting process id: 0x50A8
Faulting application start time: 0x1DC5E30102FD19D
Faulting application path: C:\WINDOWS\System32\svchost.exe
Faulting module path: mispace.dll
Report Id: 48fa284a-3da4-45c9-9cef-e4efb3ae60f2
Faulting package full name: 
Faulting package-relative application ID: "
"2025/11/25 18:20:23"	"1008"	"Warning"	"Microsoft-Windows-Perflib"	"The Open procedure for service ""WmiApRpl"" in DLL ""C:\WINDOWS\system32\wbem\wmiaprpl.dll"" failed with error code The device is not ready.. Performance data for this service will not be available."
"2025/11/25 18:20:23"	"1008"	"Warning"	"Microsoft-Windows-Perflib"	"The Open procedure for service ""WmiApRpl"" in DLL ""C:\WINDOWS\system32\wbem\wmiaprpl.dll"" failed with error code The device is not ready.. Performance data for this service will not be available."
"2025/11/25 18:20:23"	"1008"	"Warning"	"Microsoft-Windows-Perflib"	"The Open procedure for service ""MSDTC"" in DLL ""C:\WINDOWS\system32\msdtcuiu.DLL"" failed with error code Access is denied.. Performance data for this service will not be available."
"2025/11/25 18:20:23"	"1008"	"Warning"	"Microsoft-Windows-Perflib"	"The Open procedure for service ""MSDTC"" in DLL ""C:\WINDOWS\system32\msdtcuiu.DLL"" failed with error code Access is denied.. Performance data for this service will not be available."
"2025/11/25 18:20:20"	"63"	"Warning"	"Microsoft-Windows-WMI"	"A provider, IntelMEProv, has been registered in the Windows Management Instrumentation namespace root\Intel_ME to use the LocalSystem account. This account is privileged and the provider may cause a security violation if it does not correctly impersonate user requests."
"2025/11/25 18:20:20"	"63"	"Warning"	"Microsoft-Windows-WMI"	"A provider, IntelMEProv, has been registered in the Windows Management Instrumentation namespace root\Intel_ME to use the LocalSystem account. This account is privileged and the provider may cause a security violation if it does not correctly impersonate user requests."
"2025/11/25 18:20:20"	"63"	"Warning"	"Microsoft-Windows-WMI"	"A provider, IntelMEProv, has been registered in the Windows Management Instrumentation namespace root\Intel_ME to use the LocalSystem account. This account is privileged and the provider may cause a security violation if it does not correctly impersonate user requests."
"2025/11/25 18:20:14"	"1008"	"Warning"	"Microsoft-Windows-Perflib"	"The Open procedure for service "".NETFramework"" in DLL ""C:\WINDOWS\system32\mscoree.dll"" failed with error code Access is denied.. Performance data for this service will not be available."
"2025/11/25 18:19:32"	"8193"	"Error"	"VSS"	"Volume Shadow Copy Service error: Unexpected error calling routine CoCreateInstance.  hr = 0x8007045b, A system shutdown is in progress.
. "
"2025/11/25 18:19:32"	"13"	"Error"	"VSS"	"Volume Shadow Copy Service information: The COM Server with CLSID {4e14fba2-2e22-11d1-9964-00c04fbbb345} and name CEventSystem cannot be started. [0x8007045b, A system shutdown is in progress.
] "
"2025/11/25 18:19:32"	"8193"	"Error"	"VSS"	"Volume Shadow Copy Service error: Unexpected error calling routine CoCreateInstance.  hr = 0x8007045b, A system shutdown is in progress.
. "
"2025/11/25 18:19:32"	"13"	"Error"	"VSS"	"Volume Shadow Copy Service information: The COM Server with CLSID {4e14fba2-2e22-11d1-9964-00c04fbbb345} and name CEventSystem cannot be started. [0x8007045b, A system shutdown is in progress.
] "
"2025/11/25 18:19:27"	"1000"	"Error"	"Application Error"	"Faulting application name: Dell.TechHub.Diagnostics.SubAgent.exe, version: 1.9.1.303, time stamp: 0x684a0000
Faulting module name: unknown, version: 0.0.0.0, time stamp: 0x00000000
Exception code: 0xc0000005
Fault offset: 0x0000000000000000
Faulting process id: 0x5118
Faulting application start time: 0x1DC5786EEBD4034
Faulting application path: C:\Program Files\Dell\DTP\DiagnosticsSubAgent\Dell.TechHub.Diagnostics.SubAgent.exe
Faulting module path: unknown
Report Id: 65505936-1aec-47ea-a7be-d5412268ace9
Faulting package full name: 
Faulting package-relative application ID: "
"2025/11/25 18:19:27"	"1026"	"Error"	".NET Runtime"	"Application: Dell.TechHub.Diagnostics.SubAgent.exe
CoreCLR Version: 8.0.1124.51707
.NET Version: 8.0.11
Description: The process was terminated due to an unhandled exception.
Exception Info: exception code c0000005, exception address 0000000000000000
"
"2025/11/25 15:36:07"	"1000"	"Error"	"Application Error"	"Faulting application name: svchost.exe_smphost, version: 10.0.26100.5074, time stamp: 0x00e1a740
Faulting module name: mispace.dll_unloaded, version: 10.0.26100.7019, time stamp: 0x7bbfe797
Exception code: 0xc0000005
Fault offset: 0x000000000017cdb7
Faulting process id: 0x47A0
Faulting application start time: 0x1DC5E0C43561FDA
Faulting application path: C:\WINDOWS\System32\svchost.exe
Faulting module path: mispace.dll
Report Id: 8cbfc26c-8c6c-4333-a703-343d6635202b
Faulting package full name: 
Faulting package-relative application ID: "
"2025/11/25 11:57:52"	"1023"	"Error"	"Microsoft-Windows-Perflib"	"Windows cannot load the extensible counter DLL ""C:\WINDOWS\system32\sysmain.dll"" (Win32 error code The specified module could not be found.)."
"2025/11/25 11:57:51"	"1008"	"Warning"	"Microsoft-Windows-Perflib"	"The Open procedure for service ""BITS"" in DLL ""C:\Windows\System32\bitsperf.dll"" failed with error code The system cannot find the file specified.. Performance data for this service will not be available."
"2025/11/25 11:45:21"	"1023"	"Error"	"Microsoft-Windows-Perflib"	"Windows cannot load the extensible counter DLL ""C:\WINDOWS\system32\sysmain.dll"" (Win32 error code The specified module could not be found.)."
"2025/11/24 22:43:39"	"1000"	"Error"	"Application Error"	"Faulting application name: svchost.exe_smphost, version: 10.0.26100.5074, time stamp: 0x00e1a740
Faulting module name: mispace.dll_unloaded, version: 10.0.26100.7019, time stamp: 0x7bbfe797
Exception code: 0xc0000005
Fault offset: 0x000000000017cdb7
Faulting process id: 0x3094
Faulting application start time: 0x1DC5D7CB9FFE058
Faulting application path: C:\WINDOWS\System32\svchost.exe
Faulting module path: mispace.dll
Report Id: e51fd3c7-75c3-4577-81f6-6a22ca77bf44
Faulting package full name: 
Faulting package-relative application ID: "
"2025/11/24 15:32:55"	"1000"	"Error"	"Application Error"	"Faulting application name: svchost.exe_smphost, version: 10.0.26100.5074, time stamp: 0x00e1a740
Faulting module name: mispace.dll_unloaded, version: 10.0.26100.7019, time stamp: 0x7bbfe797
Exception code: 0xc0000005
Fault offset: 0x000000000017cdb7
Faulting process id: 0xD858
Faulting application start time: 0x1DC5D3E75804970
Faulting application path: C:\WINDOWS\System32\svchost.exe
Faulting module path: mispace.dll
Report Id: df39509d-4afd-41f5-8839-1a8ca22cc2ac
Faulting package full name: 
Faulting package-relative application ID: "
"2025/11/24 15:31:49"	"10010"	"Warning"	"Microsoft-Windows-RestartManager"	"Application 'C:\Program Files\Microsoft Office\root\Office16\EXCEL.EXE' (pid 41660) cannot be restarted - Application SID does not match Conductor SID.."
"2025/11/24 15:31:49"	"10010"	"Warning"	"Microsoft-Windows-RestartManager"	"Application 'C:\Program Files\Microsoft Office\root\Office16\WINWORD.EXE' (pid 62828) cannot be restarted - Application SID does not match Conductor SID.."
"2025/11/24 15:31:49"	"10010"	"Warning"	"Microsoft-Windows-RestartManager"	"Application 'C:\Program Files\Microsoft Office\root\vfs\ProgramFilesCommonX64\Microsoft Shared\Office16\AI\aimgr.exe' (pid 25164) cannot be restarted - Application SID does not match Conductor SID.."
"2025/11/24 15:31:49"	"10010"	"Warning"	"Microsoft-Windows-RestartManager"	"Application 'C:\Program Files\Microsoft Office\root\Office16\WINWORD.EXE' (pid 44300) cannot be restarted - Application SID does not match Conductor SID.."
"2025/11/24 15:31:49"	"10010"	"Warning"	"Microsoft-Windows-RestartManager"	"Application 'C:\Program Files\Microsoft Office\root\Office16\ONENOTEM.EXE' (pid 54360) cannot be restarted - Application SID does not match Conductor SID.."
"2025/11/24 15:31:49"	"10010"	"Warning"	"Microsoft-Windows-RestartManager"	"Application 'C:\Program Files\Microsoft Office\root\vfs\ProgramFilesCommonX64\Microsoft Shared\Office16\AI\ai.exe' (pid 25860) cannot be restarted - Application SID does not match Conductor SID.."
"2025/11/24 15:31:49"	"10010"	"Warning"	"Microsoft-Windows-RestartManager"	"Application 'C:\Program Files\Microsoft Office\root\vfs\ProgramFilesCommonX64\Microsoft Shared\Office16\AI\ai.exe' (pid 2076) cannot be restarted - Application SID does not match Conductor SID.."
"2025/11/24 15:31:49"	"10010"	"Warning"	"Microsoft-Windows-RestartManager"	"Application 'C:\Program Files\Microsoft Office\root\vfs\ProgramFilesCommonX64\Microsoft Shared\Office16\AI\ai.exe' (pid 3512) cannot be restarted - Application SID does not match Conductor SID.."
"2025/11/24 14:43:39"	"10010"	"Warning"	"Microsoft-Windows-RestartManager"	"Application 'C:\Program Files\Microsoft Office\root\Office16\EXCEL.EXE' (pid 41660) cannot be restarted - Application SID does not match Conductor SID.."
"2025/11/24 14:43:39"	"10010"	"Warning"	"Microsoft-Windows-RestartManager"	"Application 'C:\Program Files\Microsoft Office\root\Office16\WINWORD.EXE' (pid 62828) cannot be restarted - Application SID does not match Conductor SID.."
"2025/11/24 14:43:39"	"10010"	"Warning"	"Microsoft-Windows-RestartManager"	"Application 'C:\Program Files\Microsoft Office\root\vfs\ProgramFilesCommonX64\Microsoft Shared\Office16\AI\aimgr.exe' (pid 25164) cannot be restarted - Application SID does not match Conductor SID.."
"2025/11/24 14:43:39"	"10010"	"Warning"	"Microsoft-Windows-RestartManager"	"Application 'C:\Program Files\Microsoft Office\root\Office16\WINWORD.EXE' (pid 44300) cannot be restarted - Application SID does not match Conductor SID.."
"2025/11/24 14:43:39"	"10010"	"Warning"	"Microsoft-Windows-RestartManager"	"Application 'C:\Program Files\Microsoft Office\root\Office16\ONENOTEM.EXE' (pid 54360) cannot be restarted - Application SID does not match Conductor SID.."
"2025/11/24 14:43:39"	"10010"	"Warning"	"Microsoft-Windows-RestartManager"	"Application 'C:\Program Files\Microsoft Office\root\vfs\ProgramFilesCommonX64\Microsoft Shared\Office16\AI\ai.exe' (pid 25860) cannot be restarted - Application SID does not match Conductor SID.."
"2025/11/24 14:43:39"	"10010"	"Warning"	"Microsoft-Windows-RestartManager"	"Application 'C:\Program Files\Microsoft Office\root\vfs\ProgramFilesCommonX64\Microsoft Shared\Office16\AI\ai.exe' (pid 2076) cannot be restarted - Application SID does not match Conductor SID.."
"2025/11/24 14:43:39"	"10010"	"Warning"	"Microsoft-Windows-RestartManager"	"Application 'C:\Program Files\Microsoft Office\root\vfs\ProgramFilesCommonX64\Microsoft Shared\Office16\AI\ai.exe' (pid 3512) cannot be restarted - Application SID does not match Conductor SID.."
"2025/11/24 14:31:16"	"10010"	"Warning"	"Microsoft-Windows-RestartManager"	"Application 'C:\Program Files\Microsoft Office\root\Office16\EXCEL.EXE' (pid 41660) cannot be restarted - Application SID does not match Conductor SID.."
"2025/11/24 14:31:16"	"10010"	"Warning"	"Microsoft-Windows-RestartManager"	"Application 'C:\Program Files\Microsoft Office\root\Office16\WINWORD.EXE' (pid 62828) cannot be restarted - Application SID does not match Conductor SID.."
"2025/11/24 14:31:16"	"10010"	"Warning"	"Microsoft-Windows-RestartManager"	"Application 'C:\Program Files\Microsoft Office\root\vfs\ProgramFilesCommonX64\Microsoft Shared\Office16\AI\aimgr.exe' (pid 25164) cannot be restarted - Application SID does not match Conductor SID.."
"2025/11/24 14:31:16"	"10010"	"Warning"	"Microsoft-Windows-RestartManager"	"Application 'C:\Program Files\Microsoft Office\root\Office16\WINWORD.EXE' (pid 44300) cannot be restarted - Application SID does not match Conductor SID.."
"2025/11/24 14:31:16"	"10010"	"Warning"	"Microsoft-Windows-RestartManager"	"Application 'C:\Program Files\Microsoft Office\root\Office16\ONENOTEM.EXE' (pid 54360) cannot be restarted - Application SID does not match Conductor SID.."
"2025/11/24 14:31:16"	"10010"	"Warning"	"Microsoft-Windows-RestartManager"	"Application 'C:\Program Files\Microsoft Office\root\vfs\ProgramFilesCommonX64\Microsoft Shared\Office16\AI\ai.exe' (pid 25860) cannot be restarted - Application SID does not match Conductor SID.."
"2025/11/24 14:31:16"	"10010"	"Warning"	"Microsoft-Windows-RestartManager"	"Application 'C:\Program Files\Microsoft Office\root\vfs\ProgramFilesCommonX64\Microsoft Shared\Office16\AI\ai.exe' (pid 2076) cannot be restarted - Application SID does not match Conductor SID.."
"2025/11/24 14:31:16"	"10010"	"Warning"	"Microsoft-Windows-RestartManager"	"Application 'C:\Program Files\Microsoft Office\root\vfs\ProgramFilesCommonX64\Microsoft Shared\Office16\AI\ai.exe' (pid 3512) cannot be restarted - Application SID does not match Conductor SID.."
"2025/11/24 14:20:37"	"10010"	"Warning"	"Microsoft-Windows-RestartManager"	"Application 'C:\Program Files\Microsoft Office\root\Office16\EXCEL.EXE' (pid 41660) cannot be restarted - Application SID does not match Conductor SID.."
"2025/11/24 14:20:37"	"10010"	"Warning"	"Microsoft-Windows-RestartManager"	"Application 'C:\Program Files\Microsoft Office\root\Office16\WINWORD.EXE' (pid 62828) cannot be restarted - Application SID does not match Conductor SID.."
"2025/11/24 14:20:37"	"10010"	"Warning"	"Microsoft-Windows-RestartManager"	"Application 'C:\Program Files\Microsoft Office\root\vfs\ProgramFilesCommonX64\Microsoft Shared\Office16\AI\aimgr.exe' (pid 25164) cannot be restarted - Application SID does not match Conductor SID.."
"2025/11/24 14:20:37"	"10010"	"Warning"	"Microsoft-Windows-RestartManager"	"Application 'C:\Program Files\Microsoft Office\root\Office16\WINWORD.EXE' (pid 44300) cannot be restarted - Application SID does not match Conductor SID.."
"2025/11/24 14:20:37"	"10010"	"Warning"	"Microsoft-Windows-RestartManager"	"Application 'C:\Program Files\Microsoft Office\root\Office16\ONENOTEM.EXE' (pid 54360) cannot be restarted - Application SID does not match Conductor SID.."
"2025/11/24 14:20:37"	"10010"	"Warning"	"Microsoft-Windows-RestartManager"	"Application 'C:\Program Files\Microsoft Office\root\vfs\ProgramFilesCommonX64\Microsoft Shared\Office16\AI\ai.exe' (pid 25860) cannot be restarted - Application SID does not match Conductor SID.."
"2025/11/24 14:20:37"	"10010"	"Warning"	"Microsoft-Windows-RestartManager"	"Application 'C:\Program Files\Microsoft Office\root\vfs\ProgramFilesCommonX64\Microsoft Shared\Office16\AI\ai.exe' (pid 2076) cannot be restarted - Application SID does not match Conductor SID.."
"2025/11/24 14:20:37"	"10010"	"Warning"	"Microsoft-Windows-RestartManager"	"Application 'C:\Program Files\Microsoft Office\root\vfs\ProgramFilesCommonX64\Microsoft Shared\Office16\AI\ai.exe' (pid 3512) cannot be restarted - Application SID does not match Conductor SID.."
"2025/11/24 14:03:14"	"10010"	"Warning"	"Microsoft-Windows-RestartManager"	"Application 'C:\Program Files\Microsoft Office\root\Office16\EXCEL.EXE' (pid 41660) cannot be restarted - Application SID does not match Conductor SID.."
"2025/11/24 14:03:14"	"10010"	"Warning"	"Microsoft-Windows-RestartManager"	"Application 'C:\Program Files\Microsoft Office\root\Office16\WINWORD.EXE' (pid 62828) cannot be restarted - Application SID does not match Conductor SID.."
"2025/11/24 14:03:14"	"10010"	"Warning"	"Microsoft-Windows-RestartManager"	"Application 'C:\Program Files\Microsoft Office\root\vfs\ProgramFilesCommonX64\Microsoft Shared\Office16\AI\aimgr.exe' (pid 25164) cannot be restarted - Application SID does not match Conductor SID.."
"2025/11/24 14:03:14"	"10010"	"Warning"	"Microsoft-Windows-RestartManager"	"Application 'C:\Program Files\Microsoft Office\root\Office16\WINWORD.EXE' (pid 44300) cannot be restarted - Application SID does not match Conductor SID.."
"2025/11/24 14:03:14"	"10010"	"Warning"	"Microsoft-Windows-RestartManager"	"Application 'C:\Program Files\Microsoft Office\root\Office16\ONENOTEM.EXE' (pid 54360) cannot be restarted - Application SID does not match Conductor SID.."
"2025/11/24 14:03:14"	"10010"	"Warning"	"Microsoft-Windows-RestartManager"	"Application 'C:\Program Files\Microsoft Office\root\vfs\ProgramFilesCommonX64\Microsoft Shared\Office16\AI\ai.exe' (pid 25860) cannot be restarted - Application SID does not match Conductor SID.."
"2025/11/24 14:03:14"	"10010"	"Warning"	"Microsoft-Windows-RestartManager"	"Application 'C:\Program Files\Microsoft Office\root\vfs\ProgramFilesCommonX64\Microsoft Shared\Office16\AI\ai.exe' (pid 2076) cannot be restarted - Application SID does not match Conductor SID.."
"2025/11/24 14:03:14"	"10010"	"Warning"	"Microsoft-Windows-RestartManager"	"Application 'C:\Program Files\Microsoft Office\root\vfs\ProgramFilesCommonX64\Microsoft Shared\Office16\AI\ai.exe' (pid 3512) cannot be restarted - Application SID does not match Conductor SID.."
"2025/11/24 13:58:05"	"10010"	"Warning"	"Microsoft-Windows-RestartManager"	"Application 'C:\Program Files\Microsoft Office\root\Office16\EXCEL.EXE' (pid 41660) cannot be restarted - Application SID does not match Conductor SID.."
"2025/11/24 13:58:05"	"10010"	"Warning"	"Microsoft-Windows-RestartManager"	"Application 'C:\Program Files\Microsoft Office\root\Office16\WINWORD.EXE' (pid 62828) cannot be restarted - Application SID does not match Conductor SID.."
"2025/11/24 13:58:05"	"10010"	"Warning"	"Microsoft-Windows-RestartManager"	"Application 'C:\Program Files\Microsoft Office\root\vfs\ProgramFilesCommonX64\Microsoft Shared\Office16\AI\aimgr.exe' (pid 25164) cannot be restarted - Application SID does not match Conductor SID.."
"2025/11/24 13:58:05"	"10010"	"Warning"	"Microsoft-Windows-RestartManager"	"Application 'C:\Program Files\Microsoft Office\root\Office16\WINWORD.EXE' (pid 44300) cannot be restarted - Application SID does not match Conductor SID.."
"2025/11/24 13:58:05"	"10010"	"Warning"	"Microsoft-Windows-RestartManager"	"Application 'C:\Program Files\Microsoft Office\root\Office16\ONENOTEM.EXE' (pid 54360) cannot be restarted - Application SID does not match Conductor SID.."
"2025/11/24 13:58:05"	"10010"	"Warning"	"Microsoft-Windows-RestartManager"	"Application 'C:\Program Files\Microsoft Office\root\vfs\ProgramFilesCommonX64\Microsoft Shared\Office16\AI\ai.exe' (pid 25860) cannot be restarted - Application SID does not match Conductor SID.."
"2025/11/24 13:58:05"	"10010"	"Warning"	"Microsoft-Windows-RestartManager"	"Application 'C:\Program Files\Microsoft Office\root\vfs\ProgramFilesCommonX64\Microsoft Shared\Office16\AI\ai.exe' (pid 2076) cannot be restarted - Application SID does not match Conductor SID.."
"2025/11/24 13:58:05"	"10010"	"Warning"	"Microsoft-Windows-RestartManager"	"Application 'C:\Program Files\Microsoft Office\root\vfs\ProgramFilesCommonX64\Microsoft Shared\Office16\AI\ai.exe' (pid 3512) cannot be restarted - Application SID does not match Conductor SID.."
"2025/11/24 13:49:20"	"10010"	"Warning"	"Microsoft-Windows-RestartManager"	"Application 'C:\Program Files\Microsoft Office\root\Office16\EXCEL.EXE' (pid 41660) cannot be restarted - Application SID does not match Conductor SID.."
"2025/11/24 13:49:20"	"10010"	"Warning"	"Microsoft-Windows-RestartManager"	"Application 'C:\Program Files\Microsoft Office\root\Office16\WINWORD.EXE' (pid 62828) cannot be restarted - Application SID does not match Conductor SID.."
"2025/11/24 13:49:20"	"10010"	"Warning"	"Microsoft-Windows-RestartManager"	"Application 'C:\Program Files\Microsoft Office\root\vfs\ProgramFilesCommonX64\Microsoft Shared\Office16\AI\aimgr.exe' (pid 25164) cannot be restarted - Application SID does not match Conductor SID.."
"2025/11/24 13:49:20"	"10010"	"Warning"	"Microsoft-Windows-RestartManager"	"Application 'C:\Program Files\Microsoft Office\root\Office16\WINWORD.EXE' (pid 44300) cannot be restarted - Application SID does not match Conductor SID.."
"2025/11/24 13:49:20"	"10010"	"Warning"	"Microsoft-Windows-RestartManager"	"Application 'C:\Program Files\Microsoft Office\root\Office16\ONENOTEM.EXE' (pid 54360) cannot be restarted - Application SID does not match Conductor SID.."
"2025/11/24 13:49:20"	"10010"	"Warning"	"Microsoft-Windows-RestartManager"	"Application 'C:\Program Files\Microsoft Office\root\vfs\ProgramFilesCommonX64\Microsoft Shared\Office16\AI\ai.exe' (pid 25860) cannot be restarted - Application SID does not match Conductor SID.."
"2025/11/24 13:49:20"	"10010"	"Warning"	"Microsoft-Windows-RestartManager"	"Application 'C:\Program Files\Microsoft Office\root\vfs\ProgramFilesCommonX64\Microsoft Shared\Office16\AI\ai.exe' (pid 2076) cannot be restarted - Application SID does not match Conductor SID.."
"2025/11/24 13:49:20"	"10010"	"Warning"	"Microsoft-Windows-RestartManager"	"Application 'C:\Program Files\Microsoft Office\root\vfs\ProgramFilesCommonX64\Microsoft Shared\Office16\AI\ai.exe' (pid 3512) cannot be restarted - Application SID does not match Conductor SID.."
"2025/11/24 13:40:27"	"10010"	"Warning"	"Microsoft-Windows-RestartManager"	"Application 'C:\Program Files\Microsoft Office\root\Office16\EXCEL.EXE' (pid 41660) cannot be restarted - Application SID does not match Conductor SID.."
"2025/11/24 13:40:27"	"10010"	"Warning"	"Microsoft-Windows-RestartManager"	"Application 'C:\Program Files\Microsoft Office\root\Office16\WINWORD.EXE' (pid 62828) cannot be restarted - Application SID does not match Conductor SID.."
"2025/11/24 13:40:27"	"10010"	"Warning"	"Microsoft-Windows-RestartManager"	"Application 'C:\Program Files\Microsoft Office\root\vfs\ProgramFilesCommonX64\Microsoft Shared\Office16\AI\aimgr.exe' (pid 25164) cannot be restarted - Application SID does not match Conductor SID.."
"2025/11/24 13:40:27"	"10010"	"Warning"	"Microsoft-Windows-RestartManager"	"Application 'C:\Program Files\Microsoft Office\root\Office16\WINWORD.EXE' (pid 44300) cannot be restarted - Application SID does not match Conductor SID.."
"2025/11/24 13:40:27"	"10010"	"Warning"	"Microsoft-Windows-RestartManager"	"Application 'C:\Program Files\Microsoft Office\root\Office16\ONENOTEM.EXE' (pid 54360) cannot be restarted - Application SID does not match Conductor SID.."
"2025/11/24 13:40:27"	"10010"	"Warning"	"Microsoft-Windows-RestartManager"	"Application 'C:\Program Files\Microsoft Office\root\vfs\ProgramFilesCommonX64\Microsoft Shared\Office16\AI\ai.exe' (pid 25860) cannot be restarted - Application SID does not match Conductor SID.."
"2025/11/24 13:40:27"	"10010"	"Warning"	"Microsoft-Windows-RestartManager"	"Application 'C:\Program Files\Microsoft Office\root\vfs\ProgramFilesCommonX64\Microsoft Shared\Office16\AI\ai.exe' (pid 2076) cannot be restarted - Application SID does not match Conductor SID.."
"2025/11/24 13:40:27"	"10010"	"Warning"	"Microsoft-Windows-RestartManager"	"Application 'C:\Program Files\Microsoft Office\root\vfs\ProgramFilesCommonX64\Microsoft Shared\Office16\AI\ai.exe' (pid 3512) cannot be restarted - Application SID does not match Conductor SID.."
"2025/11/24 13:35:54"	"10010"	"Warning"	"Microsoft-Windows-RestartManager"	"Application 'C:\Program Files\Microsoft Office\root\Office16\EXCEL.EXE' (pid 41660) cannot be restarted - Application SID does not match Conductor SID.."
"2025/11/24 13:35:54"	"10010"	"Warning"	"Microsoft-Windows-RestartManager"	"Application 'C:\Program Files\Microsoft Office\root\Office16\WINWORD.EXE' (pid 62828) cannot be restarted - Application SID does not match Conductor SID.."
"2025/11/24 13:35:54"	"10010"	"Warning"	"Microsoft-Windows-RestartManager"	"Application 'C:\Program Files\Microsoft Office\root\vfs\ProgramFilesCommonX64\Microsoft Shared\Office16\AI\aimgr.exe' (pid 25164) cannot be restarted - Application SID does not match Conductor SID.."
"2025/11/24 13:35:54"	"10010"	"Warning"	"Microsoft-Windows-RestartManager"	"Application 'C:\Program Files\Microsoft Office\root\Office16\WINWORD.EXE' (pid 44300) cannot be restarted - Application SID does not match Conductor SID.."
"2025/11/24 13:35:54"	"10010"	"Warning"	"Microsoft-Windows-RestartManager"	"Application 'C:\Program Files\Microsoft Office\root\Office16\ONENOTEM.EXE' (pid 54360) cannot be restarted - Application SID does not match Conductor SID.."
"2025/11/24 13:35:54"	"10010"	"Warning"	"Microsoft-Windows-RestartManager"	"Application 'C:\Program Files\Microsoft Office\root\vfs\ProgramFilesCommonX64\Microsoft Shared\Office16\AI\ai.exe' (pid 25860) cannot be restarted - Application SID does not match Conductor SID.."
"2025/11/24 13:35:54"	"10010"	"Warning"	"Microsoft-Windows-RestartManager"	"Application 'C:\Program Files\Microsoft Office\root\vfs\ProgramFilesCommonX64\Microsoft Shared\Office16\AI\ai.exe' (pid 2076) cannot be restarted - Application SID does not match Conductor SID.."
"2025/11/24 13:35:54"	"10010"	"Warning"	"Microsoft-Windows-RestartManager"	"Application 'C:\Program Files\Microsoft Office\root\vfs\ProgramFilesCommonX64\Microsoft Shared\Office16\AI\ai.exe' (pid 3512) cannot be restarted - Application SID does not match Conductor SID.."
"2025/11/24 13:10:19"	"10010"	"Warning"	"Microsoft-Windows-RestartManager"	"Application 'C:\Program Files\Microsoft Office\root\Office16\EXCEL.EXE' (pid 41660) cannot be restarted - Application SID does not match Conductor SID.."
"2025/11/24 13:10:19"	"10010"	"Warning"	"Microsoft-Windows-RestartManager"	"Application 'C:\Program Files\Microsoft Office\root\Office16\WINWORD.EXE' (pid 62828) cannot be restarted - Application SID does not match Conductor SID.."
"2025/11/24 13:10:19"	"10010"	"Warning"	"Microsoft-Windows-RestartManager"	"Application 'C:\Program Files\Microsoft Office\root\vfs\ProgramFilesCommonX64\Microsoft Shared\Office16\AI\aimgr.exe' (pid 25164) cannot be restarted - Application SID does not match Conductor SID.."
"2025/11/24 13:10:19"	"10010"	"Warning"	"Microsoft-Windows-RestartManager"	"Application 'C:\Program Files\Microsoft Office\root\Office16\WINWORD.EXE' (pid 44300) cannot be restarted - Application SID does not match Conductor SID.."
"2025/11/24 13:10:19"	"10010"	"Warning"	"Microsoft-Windows-RestartManager"	"Application 'C:\Program Files\Microsoft Office\root\Office16\ONENOTEM.EXE' (pid 54360) cannot be restarted - Application SID does not match Conductor SID.."
"2025/11/24 13:10:19"	"10010"	"Warning"	"Microsoft-Windows-RestartManager"	"Application 'C:\Program Files\Microsoft Office\root\vfs\ProgramFilesCommonX64\Microsoft Shared\Office16\AI\ai.exe' (pid 25860) cannot be restarted - Application SID does not match Conductor SID.."
"2025/11/24 13:10:19"	"10010"	"Warning"	"Microsoft-Windows-RestartManager"	"Application 'C:\Program Files\Microsoft Office\root\vfs\ProgramFilesCommonX64\Microsoft Shared\Office16\AI\ai.exe' (pid 2076) cannot be restarted - Application SID does not match Conductor SID.."
"2025/11/24 13:10:19"	"10010"	"Warning"	"Microsoft-Windows-RestartManager"	"Application 'C:\Program Files\Microsoft Office\root\vfs\ProgramFilesCommonX64\Microsoft Shared\Office16\AI\ai.exe' (pid 3512) cannot be restarted - Application SID does not match Conductor SID.."
"2025/11/24 13:00:35"	"10010"	"Warning"	"Microsoft-Windows-RestartManager"	"Application 'C:\Program Files\Microsoft Office\root\Office16\EXCEL.EXE' (pid 41660) cannot be restarted - Application SID does not match Conductor SID.."
"2025/11/24 13:00:35"	"10010"	"Warning"	"Microsoft-Windows-RestartManager"	"Application 'C:\Program Files\Microsoft Office\root\Office16\WINWORD.EXE' (pid 62828) cannot be restarted - Application SID does not match Conductor SID.."
"2025/11/24 13:00:35"	"10010"	"Warning"	"Microsoft-Windows-RestartManager"	"Application 'C:\Program Files\Microsoft Office\root\vfs\ProgramFilesCommonX64\Microsoft Shared\Office16\AI\aimgr.exe' (pid 25164) cannot be restarted - Application SID does not match Conductor SID.."
"2025/11/24 13:00:35"	"10010"	"Warning"	"Microsoft-Windows-RestartManager"	"Application 'C:\Program Files\Microsoft Office\root\Office16\WINWORD.EXE' (pid 44300) cannot be restarted - Application SID does not match Conductor SID.."
"2025/11/24 13:00:35"	"10010"	"Warning"	"Microsoft-Windows-RestartManager"	"Application 'C:\Program Files\Microsoft Office\root\Office16\ONENOTEM.EXE' (pid 54360) cannot be restarted - Application SID does not match Conductor SID.."
"2025/11/24 13:00:35"	"10010"	"Warning"	"Microsoft-Windows-RestartManager"	"Application 'C:\Program Files\Microsoft Office\root\vfs\ProgramFilesCommonX64\Microsoft Shared\Office16\AI\ai.exe' (pid 25860) cannot be restarted - Application SID does not match Conductor SID.."
"2025/11/24 13:00:35"	"10010"	"Warning"	"Microsoft-Windows-RestartManager"	"Application 'C:\Program Files\Microsoft Office\root\vfs\ProgramFilesCommonX64\Microsoft Shared\Office16\AI\ai.exe' (pid 2076) cannot be restarted - Application SID does not match Conductor SID.."
"2025/11/24 13:00:35"	"10010"	"Warning"	"Microsoft-Windows-RestartManager"	"Application 'C:\Program Files\Microsoft Office\root\vfs\ProgramFilesCommonX64\Microsoft Shared\Office16\AI\ai.exe' (pid 3512) cannot be restarted - Application SID does not match Conductor SID.."
"2025/11/24 12:28:12"	"10010"	"Warning"	"Microsoft-Windows-RestartManager"	"Application 'C:\Program Files\Microsoft Office\root\Office16\EXCEL.EXE' (pid 41660) cannot be restarted - Application SID does not match Conductor SID.."
"2025/11/24 12:28:12"	"10010"	"Warning"	"Microsoft-Windows-RestartManager"	"Application 'C:\Program Files\Microsoft Office\root\Office16\WINWORD.EXE' (pid 62828) cannot be restarted - Application SID does not match Conductor SID.."
"2025/11/24 12:28:12"	"10010"	"Warning"	"Microsoft-Windows-RestartManager"	"Application 'C:\Program Files\Microsoft Office\root\vfs\ProgramFilesCommonX64\Microsoft Shared\Office16\AI\aimgr.exe' (pid 25164) cannot be restarted - Application SID does not match Conductor SID.."
"2025/11/24 12:28:12"	"10010"	"Warning"	"Microsoft-Windows-RestartManager"	"Application 'C:\Program Files\Microsoft Office\root\Office16\WINWORD.EXE' (pid 44300) cannot be restarted - Application SID does not match Conductor SID.."
"2025/11/24 12:28:12"	"10010"	"Warning"	"Microsoft-Windows-RestartManager"	"Application 'C:\Program Files\Microsoft Office\root\Office16\ONENOTEM.EXE' (pid 54360) cannot be restarted - Application SID does not match Conductor SID.."
"2025/11/24 12:28:12"	"10010"	"Warning"	"Microsoft-Windows-RestartManager"	"Application 'C:\Program Files\Microsoft Office\root\vfs\ProgramFilesCommonX64\Microsoft Shared\Office16\AI\ai.exe' (pid 25860) cannot be restarted - Application SID does not match Conductor SID.."
"2025/11/24 12:28:12"	"10010"	"Warning"	"Microsoft-Windows-RestartManager"	"Application 'C:\Program Files\Microsoft Office\root\vfs\ProgramFilesCommonX64\Microsoft Shared\Office16\AI\ai.exe' (pid 2076) cannot be restarted - Application SID does not match Conductor SID.."
"2025/11/24 12:28:12"	"10010"	"Warning"	"Microsoft-Windows-RestartManager"	"Application 'C:\Program Files\Microsoft Office\root\vfs\ProgramFilesCommonX64\Microsoft Shared\Office16\AI\ai.exe' (pid 3512) cannot be restarted - Application SID does not match Conductor SID.."
"2025/11/24 12:00:01"	"10010"	"Warning"	"Microsoft-Windows-RestartManager"	"Application 'C:\Program Files\Microsoft Office\root\Office16\EXCEL.EXE' (pid 41660) cannot be restarted - Application SID does not match Conductor SID.."
"2025/11/24 12:00:01"	"10010"	"Warning"	"Microsoft-Windows-RestartManager"	"Application 'C:\Program Files\Microsoft Office\root\Office16\WINWORD.EXE' (pid 62828) cannot be restarted - Application SID does not match Conductor SID.."
"2025/11/24 12:00:01"	"10010"	"Warning"	"Microsoft-Windows-RestartManager"	"Application 'C:\Program Files\Microsoft Office\root\vfs\ProgramFilesCommonX64\Microsoft Shared\Office16\AI\aimgr.exe' (pid 25164) cannot be restarted - Application SID does not match Conductor SID.."
"2025/11/24 12:00:01"	"10010"	"Warning"	"Microsoft-Windows-RestartManager"	"Application 'C:\Program Files\Microsoft Office\root\Office16\WINWORD.EXE' (pid 44300) cannot be restarted - Application SID does not match Conductor SID.."
"2025/11/24 12:00:01"	"10010"	"Warning"	"Microsoft-Windows-RestartManager"	"Application 'C:\Program Files\Microsoft Office\root\Office16\ONENOTEM.EXE' (pid 54360) cannot be restarted - Application SID does not match Conductor SID.."
"2025/11/24 12:00:01"	"10010"	"Warning"	"Microsoft-Windows-RestartManager"	"Application 'C:\Program Files\Microsoft Office\root\vfs\ProgramFilesCommonX64\Microsoft Shared\Office16\AI\ai.exe' (pid 25860) cannot be restarted - Application SID does not match Conductor SID.."
"2025/11/24 12:00:01"	"10010"	"Warning"	"Microsoft-Windows-RestartManager"	"Application 'C:\Program Files\Microsoft Office\root\vfs\ProgramFilesCommonX64\Microsoft Shared\Office16\AI\ai.exe' (pid 2076) cannot be restarted - Application SID does not match Conductor SID.."
"2025/11/24 12:00:01"	"10010"	"Warning"	"Microsoft-Windows-RestartManager"	"Application 'C:\Program Files\Microsoft Office\root\vfs\ProgramFilesCommonX64\Microsoft Shared\Office16\AI\ai.exe' (pid 3512) cannot be restarted - Application SID does not match Conductor SID.."
"2025/11/24 11:43:05"	"1023"	"Error"	"Microsoft-Windows-Perflib"	"Windows cannot load the extensible counter DLL ""C:\WINDOWS\system32\sysmain.dll"" (Win32 error code The specified module could not be found.)."
"2025/11/24 11:43:05"	"1008"	"Warning"	"Microsoft-Windows-Perflib"	"The Open procedure for service ""BITS"" in DLL ""C:\Windows\System32\bitsperf.dll"" failed with error code The system cannot find the file specified.. Performance data for this service will not be available."
"2025/11/24 11:41:27"	"10010"	"Warning"	"Microsoft-Windows-RestartManager"	"Application 'C:\Program Files\Microsoft Office\root\Office16\WINWORD.EXE' (pid 62828) cannot be restarted - Application SID does not match Conductor SID.."
"2025/11/24 11:41:27"	"10010"	"Warning"	"Microsoft-Windows-RestartManager"	"Application 'C:\Program Files\Microsoft Office\root\vfs\ProgramFilesCommonX64\Microsoft Shared\Office16\AI\aimgr.exe' (pid 25164) cannot be restarted - Application SID does not match Conductor SID.."
"2025/11/24 11:41:27"	"10010"	"Warning"	"Microsoft-Windows-RestartManager"	"Application 'C:\Program Files\Microsoft Office\root\Office16\WINWORD.EXE' (pid 44300) cannot be restarted - Application SID does not match Conductor SID.."
"2025/11/24 11:41:27"	"10010"	"Warning"	"Microsoft-Windows-RestartManager"	"Application 'C:\Program Files\Microsoft Office\root\Office16\ONENOTEM.EXE' (pid 54360) cannot be restarted - Application SID does not match Conductor SID.."
"2025/11/24 11:41:27"	"10010"	"Warning"	"Microsoft-Windows-RestartManager"	"Application 'C:\Program Files\Microsoft Office\root\vfs\ProgramFilesCommonX64\Microsoft Shared\Office16\AI\ai.exe' (pid 25860) cannot be restarted - Application SID does not match Conductor SID.."
"2025/11/24 11:41:27"	"10010"	"Warning"	"Microsoft-Windows-RestartManager"	"Application 'C:\Program Files\Microsoft Office\root\vfs\ProgramFilesCommonX64\Microsoft Shared\Office16\AI\ai.exe' (pid 2076) cannot be restarted - Application SID does not match Conductor SID.."
"2025/11/24 11:41:27"	"10010"	"Warning"	"Microsoft-Windows-RestartManager"	"Application 'C:\Program Files\Microsoft Office\root\vfs\ProgramFilesCommonX64\Microsoft Shared\Office16\AI\ai.exe' (pid 3512) cannot be restarted - Application SID does not match Conductor SID.."
"2025/11/24 11:25:12"	"1023"	"Error"	"Microsoft-Windows-Perflib"	"Windows cannot load the extensible counter DLL ""C:\WINDOWS\system32\sysmain.dll"" (Win32 error code The specified module could not be found.)."
"2025/11/24 11:21:06"	"10010"	"Warning"	"Microsoft-Windows-RestartManager"	"Application 'C:\Program Files\Microsoft Office\root\Office16\WINWORD.EXE' (pid 62828) cannot be restarted - Application SID does not match Conductor SID.."
"2025/11/24 11:21:06"	"10010"	"Warning"	"Microsoft-Windows-RestartManager"	"Application 'C:\Program Files\Microsoft Office\root\vfs\ProgramFilesCommonX64\Microsoft Shared\Office16\AI\aimgr.exe' (pid 25164) cannot be restarted - Application SID does not match Conductor SID.."
"2025/11/24 11:21:06"	"10010"	"Warning"	"Microsoft-Windows-RestartManager"	"Application 'C:\Program Files\Microsoft Office\root\Office16\WINWORD.EXE' (pid 44300) cannot be restarted - Application SID does not match Conductor SID.."
"2025/11/24 11:21:06"	"10010"	"Warning"	"Microsoft-Windows-RestartManager"	"Application 'C:\Program Files\Microsoft Office\root\Office16\ONENOTEM.EXE' (pid 54360) cannot be restarted - Application SID does not match Conductor SID.."
"2025/11/24 11:21:06"	"10010"	"Warning"	"Microsoft-Windows-RestartManager"	"Application 'C:\Program Files\Microsoft Office\root\vfs\ProgramFilesCommonX64\Microsoft Shared\Office16\AI\ai.exe' (pid 25860) cannot be restarted - Application SID does not match Conductor SID.."
"2025/11/24 11:21:06"	"10010"	"Warning"	"Microsoft-Windows-RestartManager"	"Application 'C:\Program Files\Microsoft Office\root\vfs\ProgramFilesCommonX64\Microsoft Shared\Office16\AI\ai.exe' (pid 2076) cannot be restarted - Application SID does not match Conductor SID.."
"2025/11/24 11:21:06"	"10010"	"Warning"	"Microsoft-Windows-RestartManager"	"Application 'C:\Program Files\Microsoft Office\root\vfs\ProgramFilesCommonX64\Microsoft Shared\Office16\AI\ai.exe' (pid 3512) cannot be restarted - Application SID does not match Conductor SID.."
"2025/11/23 11:41:49"	"1008"	"Warning"	"Microsoft-Windows-Perflib"	"The Open procedure for service ""BITS"" in DLL ""C:\Windows\System32\bitsperf.dll"" failed with error code The system cannot find the file specified.. Performance data for this service will not be available."
"2025/11/23 11:24:53"	"1023"	"Error"	"Microsoft-Windows-Perflib"	"Windows cannot load the extensible counter DLL ""C:\WINDOWS\system32\sysmain.dll"" (Win32 error code The specified module could not be found.)."
"2025/11/23 10:29:41"	"1000"	"Error"	"Application Error"	"Faulting application name: svchost.exe_smphost, version: 10.0.26100.5074, time stamp: 0x00e1a740
Faulting module name: mispace.dll_unloaded, version: 10.0.26100.7019, time stamp: 0x7bbfe797
Exception code: 0xc0000005
Fault offset: 0x000000000017cdb7
Faulting process id: 0x48E4
Faulting application start time: 0x1DC5C4F1F17E624
Faulting application path: C:\WINDOWS\System32\svchost.exe
Faulting module path: mispace.dll
Report Id: f3513b7e-d3e8-4f34-9b38-2f1107671017
Faulting package full name: 
Faulting package-relative application ID: "
"2025/11/22 13:37:01"	"1000"	"Error"	"Application Error"	"Faulting application name: svchost.exe_smphost, version: 10.0.26100.5074, time stamp: 0x00e1a740
Faulting module name: mispace.dll_unloaded, version: 10.0.26100.7019, time stamp: 0x7bbfe797
Exception code: 0xc0000005
Fault offset: 0x000000000017cdb7
Faulting process id: 0x2DB0
Faulting application start time: 0x1DC5BA020773204
Faulting application path: C:\WINDOWS\System32\svchost.exe
Faulting module path: mispace.dll
Report Id: 4bf13568-20d8-4c40-b923-48286e239d72
Faulting package full name: 
Faulting package-relative application ID: "
"2025/11/22 11:37:48"	"1008"	"Warning"	"Microsoft-Windows-Perflib"	"The Open procedure for service ""BITS"" in DLL ""C:\Windows\System32\bitsperf.dll"" failed with error code The system cannot find the file specified.. Performance data for this service will not be available."
"2025/11/22 11:17:30"	"1023"	"Error"	"Microsoft-Windows-Perflib"	"Windows cannot load the extensible counter DLL ""C:\WINDOWS\system32\sysmain.dll"" (Win32 error code The specified module could not be found.)."
"2025/11/21 16:32:06"	"1000"	"Error"	"Application Error"	"Faulting application name: svchost.exe_smphost, version: 10.0.26100.5074, time stamp: 0x00e1a740
Faulting module name: mispace.dll_unloaded, version: 10.0.26100.7019, time stamp: 0x7bbfe797
Exception code: 0xc0000005
Fault offset: 0x000000000017cdb7
Faulting process id: 0x72A0
Faulting application start time: 0x1DC5AED51ED7841
Faulting application path: C:\WINDOWS\System32\svchost.exe
Faulting module path: mispace.dll
Report Id: 0f76e333-3f28-4190-b84d-173ff63f55c9
Faulting package full name: 
Faulting package-relative application ID: "
"2025/11/21 11:28:12"	"1008"	"Warning"	"Microsoft-Windows-Perflib"	"The Open procedure for service ""BITS"" in DLL ""C:\Windows\System32\bitsperf.dll"" failed with error code The system cannot find the file specified.. Performance data for this service will not be available."
"2025/11/21 11:09:52"	"1023"	"Error"	"Microsoft-Windows-Perflib"	"Windows cannot load the extensible counter DLL ""C:\WINDOWS\system32\sysmain.dll"" (Win32 error code The specified module could not be found.)."
"2025/11/20 18:39:38"	"8303"	"Warning"	"Microsoft-Windows-System-Restore"	"Scoping unsuccessful for shadowcopy \\?\GLOBALROOT\Device\HarddiskVolumeShadowCopy6 with error 0x80070057."
"2025/11/20 18:39:26"	"8303"	"Warning"	"Microsoft-Windows-System-Restore"	"Scoping unsuccessful for shadowcopy \\?\GLOBALROOT\Device\HarddiskVolumeShadowCopy5 with error 0x80070057."
"2025/11/20 14:00:16"	"1000"	"Error"	"Application Error"	"Faulting application name: svchost.exe_smphost, version: 10.0.26100.5074, time stamp: 0x00e1a740
Faulting module name: mispace.dll_unloaded, version: 10.0.26100.7019, time stamp: 0x7bbfe797
Exception code: 0xc0000005
Fault offset: 0x000000000017cdb7
Faulting process id: 0xE8C
Faulting application start time: 0x1DC5A0EF248FA09
Faulting application path: C:\WINDOWS\System32\svchost.exe
Faulting module path: mispace.dll
Report Id: d979d4e2-bd6f-49a7-ac91-5d66689977db
Faulting package full name: 
Faulting package-relative application ID: "
"2025/11/20 12:30:52"	"1002"	"Error"	"Application Hang"	"The program dllhost.exe version 10.0.26100.1150 stopped interacting with Windows and was closed. To see if more information about the problem is available, check the problem history in the Security and Maintenance control panel.
"
"2025/11/20 11:24:11"	"1008"	"Warning"	"Microsoft-Windows-Perflib"	"The Open procedure for service ""BITS"" in DLL ""C:\Windows\System32\bitsperf.dll"" failed with error code The system cannot find the file specified.. Performance data for this service will not be available."
