"TimeCreated"	"Id"	"LevelDisplayName"	"ProviderName"	"Message"
"2025/12/10 17:22:10"	"1023"	"Error"	"Microsoft-Windows-Perflib"	"Windows cannot load the extensible counter DLL ""C:\WINDOWS\system32\sysmain.dll"" (Win32 error code The specified module could not be found.)."
"2025/12/10 17:22:10"	"1008"	"Warning"	"Microsoft-Windows-Perflib"	"The Open procedure for service ""BITS"" in DLL ""C:\Windows\System32\bitsperf.dll"" failed with error code The system cannot find the file specified.. Performance data for this service will not be available."
"2025/12/09 12:00:03"	"1000"	"Error"	"Application Error"	"Faulting application name: LockApp.exe, version: 10.0.26100.7309, time stamp: 0x887f409d
Faulting module name: Windows.UI.Xaml.dll, version: 10.0.26100.7309, time stamp: 0x62287fde
Exception code: 0xc000027b
Fault offset: 0x00000000008fadf3
Faulting process id: 0x28BC
Faulting application start time: 0x1DC68DDA78A2412
Faulting application path: C:\WINDOWS\SystemApps\Microsoft.LockApp_cw5n1h2txyewy\LockApp.exe
Faulting module path: C:\Windows\System32\Windows.UI.Xaml.dll
Report Id: 5765da16-6d98-4490-97bd-e30e9ae292a1
Faulting package full name: Microsoft.LockApp_10.0.26100.4202_neutral__cw5n1h2txyewy
Faulting package-relative application ID: WindowsDefaultLockScreen"
"2025/12/08 16:30:09"	"1023"	"Error"	"Microsoft-Windows-Perflib"	"Windows cannot load the extensible counter DLL ""C:\WINDOWS\system32\sysmain.dll"" (Win32 error code The specified module could not be found.)."
"2025/12/08 16:30:09"	"1008"	"Warning"	"Microsoft-Windows-Perflib"	"The Open procedure for service ""BITS"" in DLL ""C:\Windows\System32\bitsperf.dll"" failed with error code The system cannot find the file specified.. Performance data for this service will not be available."
"2025/12/08 16:17:37"	"1023"	"Error"	"Microsoft-Windows-Perflib"	"Windows cannot load the extensible counter DLL ""C:\WINDOWS\system32\sysmain.dll"" (Win32 error code The specified module could not be found.)."
"2025/12/08 12:45:34"	"1000"	"Error"	"Application Error"	"Faulting application name: svchost.exe_smphost, version: 10.0.26100.5074, time stamp: 0x00e1a740
Faulting module name: mispace.dll_unloaded, version: 10.0.26100.7309, time stamp: 0x8a9c24a3
Exception code: 0xc0000005
Fault offset: 0x000000000017c887
Faulting process id: 0x6E3C
Faulting application start time: 0x1DC68254E01422C
Faulting application path: C:\WINDOWS\System32\svchost.exe
Faulting module path: mispace.dll
Report Id: f892df40-bf55-4d1b-97d7-1f8c9ea4b7a5
Faulting package full name: 
Faulting package-relative application ID: "
"2025/12/08 12:01:26"	"1000"	"Error"	"Application Error"	"Faulting application name: Drobo Dashboard.exe, version: 3.5.0.48244, time stamp: 0x5ddbc68d
Faulting module name: Drobo Dashboard.exe, version: 3.5.0.48244, time stamp: 0x5ddbc68d
Exception code: 0xc0000005
Fault offset: 0x001c17ee
Faulting process id: 0x71A8
Faulting application start time: 0x1DC68299D97DA6F
Faulting application path: C:\Program Files (x86)\Drobo\Drobo Dashboard\Drobo Dashboard.exe
Faulting module path: C:\Program Files (x86)\Drobo\Drobo Dashboard\Drobo Dashboard.exe
Report Id: c5a0815f-9f38-40c4-8dc4-740877b1cade
Faulting package full name: 
Faulting package-relative application ID: "
"2025/12/08 07:47:41"	"1000"	"Error"	"Application Error"	"Faulting application name: ITSMService.exe, version: 10.1.50449.25030, time stamp: 0x67d9d222
Faulting module name: ucrtbase.dll, version: 10.0.26100.7019, time stamp: 0xafb62d66
Exception code: 0xc0000409
Fault offset: 0x0002da51
Faulting process id: 0xD80
Faulting application start time: 0x1DC680622931F23
Faulting application path: C:\Program Files (x86)\COMODO\Endpoint Manager\ITSMService.exe
Faulting module path: C:\WINDOWS\System32\ucrtbase.dll
Report Id: 09ee460c-645d-4ba4-ab64-6542fc5ebac1
Faulting package full name: 
Faulting package-relative application ID: "
"2025/12/08 07:43:52"	"1008"	"Warning"	"Microsoft-Windows-Perflib"	"The Open procedure for service ""WmiApRpl"" in DLL ""C:\WINDOWS\system32\wbem\wmiaprpl.dll"" failed with error code The device is not ready.. Performance data for this service will not be available."
"2025/12/08 07:43:52"	"1008"	"Warning"	"Microsoft-Windows-Perflib"	"The Open procedure for service ""WmiApRpl"" in DLL ""C:\WINDOWS\system32\wbem\wmiaprpl.dll"" failed with error code The device is not ready.. Performance data for this service will not be available."
"2025/12/08 07:43:51"	"63"	"Warning"	"Microsoft-Windows-WMI"	"A provider, IntelMEProv, has been registered in the Windows Management Instrumentation namespace root\Intel_ME to use the LocalSystem account. This account is privileged and the provider may cause a security violation if it does not correctly impersonate user requests."
"2025/12/08 07:43:51"	"63"	"Warning"	"Microsoft-Windows-WMI"	"A provider, IntelMEProv, has been registered in the Windows Management Instrumentation namespace root\Intel_ME to use the LocalSystem account. This account is privileged and the provider may cause a security violation if it does not correctly impersonate user requests."
"2025/12/08 07:43:51"	"63"	"Warning"	"Microsoft-Windows-WMI"	"A provider, IntelMEProv, has been registered in the Windows Management Instrumentation namespace root\Intel_ME to use the LocalSystem account. This account is privileged and the provider may cause a security violation if it does not correctly impersonate user requests."
"2025/12/08 07:43:43"	"1008"	"Warning"	"Microsoft-Windows-Perflib"	"The Open procedure for service "".NETFramework"" in DLL ""C:\WINDOWS\system32\mscoree.dll"" failed with error code Access is denied.. Performance data for this service will not be available."
"2025/12/08 07:40:53"	"8193"	"Error"	"VSS"	"Volume Shadow Copy Service error: Unexpected error calling routine CoCreateInstance.  hr = 0x8007045b, A system shutdown is in progress.
. "
"2025/12/08 07:40:53"	"13"	"Error"	"VSS"	"Volume Shadow Copy Service information: The COM Server with CLSID {4e14fba2-2e22-11d1-9964-00c04fbbb345} and name CEventSystem cannot be started. [0x8007045b, A system shutdown is in progress.
] "
"2025/12/08 07:40:40"	"6006"	"Warning"	"Microsoft-Windows-Winlogon"	"The winlogon notification subscriber <GPClient> took 413 second(s) to handle the notification event (Logoff)."
"2025/12/08 07:34:48"	"6005"	"Warning"	"Microsoft-Windows-Winlogon"	"The winlogon notification subscriber <GPClient> is taking long time to handle the notification event (Logoff)."
"2025/12/07 16:16:38"	"1023"	"Error"	"Microsoft-Windows-Perflib"	"Windows cannot load the extensible counter DLL ""C:\WINDOWS\system32\sysmain.dll"" (Win32 error code The specified module could not be found.)."
"2025/12/07 16:16:38"	"1008"	"Warning"	"Microsoft-Windows-Perflib"	"The Open procedure for service ""BITS"" in DLL ""C:\Windows\System32\bitsperf.dll"" failed with error code The system cannot find the file specified.. Performance data for this service will not be available."
"2025/12/06 16:07:45"	"1023"	"Error"	"Microsoft-Windows-Perflib"	"Windows cannot load the extensible counter DLL ""C:\WINDOWS\system32\sysmain.dll"" (Win32 error code The specified module could not be found.)."
"2025/12/06 16:07:45"	"1008"	"Warning"	"Microsoft-Windows-Perflib"	"The Open procedure for service ""BITS"" in DLL ""C:\Windows\System32\bitsperf.dll"" failed with error code The system cannot find the file specified.. Performance data for this service will not be available."
"2025/12/06 08:49:28"	"10010"	"Warning"	"Microsoft-Windows-RestartManager"	"Application 'C:\Program Files\Microsoft Office\root\Office16\EXCEL.EXE' (pid 6016) cannot be restarted - Application SID does not match Conductor SID.."
"2025/12/06 08:49:28"	"10010"	"Warning"	"Microsoft-Windows-RestartManager"	"Application 'C:\Program Files\Microsoft Office\root\Office16\ONENOTEM.EXE' (pid 7820) cannot be restarted - Application SID does not match Conductor SID.."
"2025/12/06 08:14:03"	"10010"	"Warning"	"Microsoft-Windows-RestartManager"	"Application 'C:\Program Files\Microsoft Office\root\Office16\EXCEL.EXE' (pid 6016) cannot be restarted - Application SID does not match Conductor SID.."
"2025/12/06 08:14:03"	"10010"	"Warning"	"Microsoft-Windows-RestartManager"	"Application 'C:\Program Files\Microsoft Office\root\Office16\ONENOTEM.EXE' (pid 7820) cannot be restarted - Application SID does not match Conductor SID.."
"2025/12/05 15:03:25"	"1000"	"Error"	"Application Error"	"Faulting application name: svchost.exe_smphost, version: 10.0.26100.5074, time stamp: 0x00e1a740
Faulting module name: mispace.dll_unloaded, version: 10.0.26100.7309, time stamp: 0x8a9c24a3
Exception code: 0xc0000005
Fault offset: 0x000000000017c887
Faulting process id: 0x762C
Faulting application start time: 0x1DC65E1414AFA4F
Faulting application path: C:\WINDOWS\System32\svchost.exe
Faulting module path: mispace.dll
Report Id: 71975774-f94c-4398-a692-69408bc26686
Faulting package full name: 
Faulting package-relative application ID: "
"2025/12/05 14:46:29"	"1023"	"Error"	"Microsoft-Windows-Perflib"	"Windows cannot load the extensible counter DLL ""C:\WINDOWS\system32\sysmain.dll"" (Win32 error code The specified module could not be found.)."
"2025/12/05 14:46:29"	"1008"	"Warning"	"Microsoft-Windows-Perflib"	"The Open procedure for service ""BITS"" in DLL ""C:\Windows\System32\bitsperf.dll"" failed with error code The system cannot find the file specified.. Performance data for this service will not be available."
"2025/12/05 14:28:08"	"1023"	"Error"	"Microsoft-Windows-Perflib"	"Windows cannot load the extensible counter DLL ""C:\WINDOWS\system32\sysmain.dll"" (Win32 error code The specified module could not be found.)."
"2025/12/05 10:01:22"	"1008"	"Warning"	"Microsoft-Windows-Perflib"	"The Open procedure for service ""WmiApRpl"" in DLL ""C:\WINDOWS\system32\wbem\wmiaprpl.dll"" failed with error code The device is not ready.. Performance data for this service will not be available."
"2025/12/05 10:01:22"	"1008"	"Warning"	"Microsoft-Windows-Perflib"	"The Open procedure for service ""WmiApRpl"" in DLL ""C:\WINDOWS\system32\wbem\wmiaprpl.dll"" failed with error code The device is not ready.. Performance data for this service will not be available."
"2025/12/05 10:01:22"	"1008"	"Warning"	"Microsoft-Windows-Perflib"	"The Open procedure for service ""MSDTC"" in DLL ""C:\WINDOWS\system32\msdtcuiu.DLL"" failed with error code Access is denied.. Performance data for this service will not be available."
"2025/12/05 10:01:19"	"63"	"Warning"	"Microsoft-Windows-WMI"	"A provider, IntelMEProv, has been registered in the Windows Management Instrumentation namespace root\Intel_ME to use the LocalSystem account. This account is privileged and the provider may cause a security violation if it does not correctly impersonate user requests."
"2025/12/05 10:01:19"	"63"	"Warning"	"Microsoft-Windows-WMI"	"A provider, IntelMEProv, has been registered in the Windows Management Instrumentation namespace root\Intel_ME to use the LocalSystem account. This account is privileged and the provider may cause a security violation if it does not correctly impersonate user requests."
"2025/12/05 10:01:19"	"63"	"Warning"	"Microsoft-Windows-WMI"	"A provider, IntelMEProv, has been registered in the Windows Management Instrumentation namespace root\Intel_ME to use the LocalSystem account. This account is privileged and the provider may cause a security violation if it does not correctly impersonate user requests."
"2025/12/05 10:01:13"	"1008"	"Warning"	"Microsoft-Windows-Perflib"	"The Open procedure for service "".NETFramework"" in DLL ""C:\WINDOWS\system32\mscoree.dll"" failed with error code Access is denied.. Performance data for this service will not be available."
"2025/12/05 10:00:17"	"13"	"Error"	"VSS"	"Volume Shadow Copy Service information: The COM Server with CLSID {4e14fba2-2e22-11d1-9964-00c04fbbb345} and name CEventSystem cannot be started. [0x8007045b, A system shutdown is in progress.
] "
"2025/12/04 14:26:19"	"1023"	"Error"	"Microsoft-Windows-Perflib"	"Windows cannot load the extensible counter DLL ""C:\WINDOWS\system32\sysmain.dll"" (Win32 error code The specified module could not be found.)."
"2025/12/04 14:26:19"	"1008"	"Warning"	"Microsoft-Windows-Perflib"	"The Open procedure for service ""BITS"" in DLL ""C:\Windows\System32\bitsperf.dll"" failed with error code The system cannot find the file specified.. Performance data for this service will not be available."
"2025/12/04 11:28:27"	"1000"	"Error"	"Application Error"	"Faulting application name: ITSMService.exe, version: 10.1.50449.25030, time stamp: 0x67d9d222
Faulting module name: ucrtbase.dll, version: 10.0.26100.7019, time stamp: 0xafb62d66
Exception code: 0xc0000409
Fault offset: 0x0002da51
Faulting process id: 0x2ECC
Faulting application start time: 0x1DC650050F84969
Faulting application path: C:\Program Files (x86)\COMODO\Endpoint Manager\ITSMService.exe
Faulting module path: C:\WINDOWS\System32\ucrtbase.dll
Report Id: 3bf18b1d-5524-4cee-8d50-c5c97dcd3127
Faulting package full name: 
Faulting package-relative application ID: "
"2025/12/04 11:22:06"	"1000"	"Error"	"Application Error"	"Faulting application name: ITSMService.exe, version: 10.1.50449.25030, time stamp: 0x67d9d222
Faulting module name: ucrtbase.dll, version: 10.0.26100.7019, time stamp: 0xafb62d66
Exception code: 0xc0000409
Fault offset: 0x0002da51
Faulting process id: 0x227C
Faulting application start time: 0x1DC64FF6E27BAE3
Faulting application path: C:\Program Files (x86)\COMODO\Endpoint Manager\ITSMService.exe
Faulting module path: C:\WINDOWS\System32\ucrtbase.dll
Report Id: 79469d95-e14b-4f43-b8ec-7993343449cb
Faulting package full name: 
Faulting package-relative application ID: "
"2025/12/04 11:15:10"	"1000"	"Error"	"Application Error"	"Faulting application name: ITSMService.exe, version: 10.1.50449.25030, time stamp: 0x67d9d222
Faulting module name: ucrtbase.dll, version: 10.0.26100.7019, time stamp: 0xafb62d66
Exception code: 0xc0000409
Fault offset: 0x0002da51
Faulting process id: 0x3FA4
Faulting application start time: 0x1DC64FE769C0E60
Faulting application path: C:\Program Files (x86)\COMODO\Endpoint Manager\ITSMService.exe
Faulting module path: C:\WINDOWS\System32\ucrtbase.dll
Report Id: cf4acad8-27da-4d09-bc90-4ad5de32a690
Faulting package full name: 
Faulting package-relative application ID: "
"2025/12/04 11:10:29"	"1000"	"Error"	"Application Error"	"Faulting application name: ITSMService.exe, version: 10.1.50449.25030, time stamp: 0x67d9d222
Faulting module name: ucrtbase.dll, version: 10.0.26100.7019, time stamp: 0xafb62d66
Exception code: 0xc0000409
Fault offset: 0x0002da51
Faulting process id: 0x63FC
Faulting application start time: 0x1DC64FDCDA943FD
Faulting application path: C:\Program Files (x86)\COMODO\Endpoint Manager\ITSMService.exe
Faulting module path: C:\WINDOWS\System32\ucrtbase.dll
Report Id: 6a0a2a70-d3af-4a71-81a5-aafecddcaf1c
Faulting package full name: 
Faulting package-relative application ID: "
"2025/12/04 11:02:54"	"1008"	"Warning"	"Microsoft-Windows-Perflib"	"The Open procedure for service ""WmiApRpl"" in DLL ""C:\WINDOWS\system32\wbem\wmiaprpl.dll"" failed with error code The device is not ready.. Performance data for this service will not be available."
"2025/12/04 11:02:54"	"1008"	"Warning"	"Microsoft-Windows-Perflib"	"The Open procedure for service ""WmiApRpl"" in DLL ""C:\WINDOWS\system32\wbem\wmiaprpl.dll"" failed with error code The device is not ready.. Performance data for this service will not be available."
"2025/12/04 11:02:54"	"1008"	"Warning"	"Microsoft-Windows-Perflib"	"The Open procedure for service ""MSDTC"" in DLL ""C:\WINDOWS\system32\msdtcuiu.DLL"" failed with error code Access is denied.. Performance data for this service will not be available."
"2025/12/04 11:02:54"	"1008"	"Warning"	"Microsoft-Windows-Perflib"	"The Open procedure for service ""MSDTC"" in DLL ""C:\WINDOWS\system32\msdtcuiu.DLL"" failed with error code Access is denied.. Performance data for this service will not be available."
"2025/12/04 11:02:50"	"63"	"Warning"	"Microsoft-Windows-WMI"	"A provider, IntelMEProv, has been registered in the Windows Management Instrumentation namespace root\Intel_ME to use the LocalSystem account. This account is privileged and the provider may cause a security violation if it does not correctly impersonate user requests."
"2025/12/04 11:02:50"	"63"	"Warning"	"Microsoft-Windows-WMI"	"A provider, IntelMEProv, has been registered in the Windows Management Instrumentation namespace root\Intel_ME to use the LocalSystem account. This account is privileged and the provider may cause a security violation if it does not correctly impersonate user requests."
"2025/12/04 11:02:50"	"63"	"Warning"	"Microsoft-Windows-WMI"	"A provider, IntelMEProv, has been registered in the Windows Management Instrumentation namespace root\Intel_ME to use the LocalSystem account. This account is privileged and the provider may cause a security violation if it does not correctly impersonate user requests."
"2025/12/04 11:02:45"	"1008"	"Warning"	"Microsoft-Windows-Perflib"	"The Open procedure for service "".NETFramework"" in DLL ""C:\WINDOWS\system32\mscoree.dll"" failed with error code Access is denied.. Performance data for this service will not be available."
"2025/12/04 11:01:43"	"6004"	"Warning"	"Microsoft-Windows-Winlogon"	"The winlogon notification subscriber <TrustedInstaller> failed a critical notification event."
"2025/12/04 11:01:15"	"63"	"Warning"	"Microsoft-Windows-WMI"	"A provider, DMWmiBridgeProv1, has been registered in the Windows Management Instrumentation namespace root\cimv2\mdm\dmmap to use the LocalSystem account. This account is privileged and the provider may cause a security violation if it does not correctly impersonate user requests."
"2025/12/04 11:01:15"	"63"	"Warning"	"Microsoft-Windows-WMI"	"A provider, DMWmiBridgeProv1, has been registered in the Windows Management Instrumentation namespace root\cimv2\mdm\dmmap to use the LocalSystem account. This account is privileged and the provider may cause a security violation if it does not correctly impersonate user requests."
"2025/12/04 11:01:15"	"63"	"Warning"	"Microsoft-Windows-WMI"	"A provider, DMWmiBridgeProv1, has been registered in the Windows Management Instrumentation namespace root\cimv2\mdm\dmmap to use the LocalSystem account. This account is privileged and the provider may cause a security violation if it does not correctly impersonate user requests."
"2025/12/04 11:01:14"	"63"	"Warning"	"Microsoft-Windows-WMI"	"A provider, DMWmiBridgeProv, has been registered in the Windows Management Instrumentation namespace root\cimv2\mdm\dmmap to use the LocalSystem account. This account is privileged and the provider may cause a security violation if it does not correctly impersonate user requests."
"2025/12/04 11:01:14"	"63"	"Warning"	"Microsoft-Windows-WMI"	"A provider, DMWmiBridgeProv, has been registered in the Windows Management Instrumentation namespace root\cimv2\mdm\dmmap to use the LocalSystem account. This account is privileged and the provider may cause a security violation if it does not correctly impersonate user requests."
"2025/12/04 11:01:14"	"63"	"Warning"	"Microsoft-Windows-WMI"	"A provider, DMWmiBridgeProv, has been registered in the Windows Management Instrumentation namespace root\cimv2\mdm\dmmap to use the LocalSystem account. This account is privileged and the provider may cause a security violation if it does not correctly impersonate user requests."
"2025/12/04 11:00:45"	"1008"	"Warning"	"Microsoft-Windows-Perflib"	"The Open procedure for service ""WmiApRpl"" in DLL ""C:\WINDOWS\system32\wbem\wmiaprpl.dll"" failed with error code The device is not ready.. Performance data for this service will not be available."
"2025/12/04 11:00:45"	"1008"	"Warning"	"Microsoft-Windows-Perflib"	"The Open procedure for service ""WmiApRpl"" in DLL ""C:\WINDOWS\system32\wbem\wmiaprpl.dll"" failed with error code The device is not ready.. Performance data for this service will not be available."
"2025/12/04 11:00:43"	"1008"	"Warning"	"Microsoft-Windows-Perflib"	"The Open procedure for service ""MSDTC"" in DLL ""C:\WINDOWS\system32\msdtcuiu.DLL"" failed with error code Access is denied.. Performance data for this service will not be available."
"2025/12/04 11:00:41"	"63"	"Warning"	"Microsoft-Windows-WMI"	"A provider, IntelMEProv, has been registered in the Windows Management Instrumentation namespace root\Intel_ME to use the LocalSystem account. This account is privileged and the provider may cause a security violation if it does not correctly impersonate user requests."
"2025/12/04 11:00:41"	"63"	"Warning"	"Microsoft-Windows-WMI"	"A provider, IntelMEProv, has been registered in the Windows Management Instrumentation namespace root\Intel_ME to use the LocalSystem account. This account is privileged and the provider may cause a security violation if it does not correctly impersonate user requests."
"2025/12/04 11:00:41"	"63"	"Warning"	"Microsoft-Windows-WMI"	"A provider, IntelMEProv, has been registered in the Windows Management Instrumentation namespace root\Intel_ME to use the LocalSystem account. This account is privileged and the provider may cause a security violation if it does not correctly impersonate user requests."
"2025/12/04 11:00:35"	"1008"	"Warning"	"Microsoft-Windows-Perflib"	"The Open procedure for service "".NETFramework"" in DLL ""C:\WINDOWS\system32\mscoree.dll"" failed with error code Access is denied.. Performance data for this service will not be available."
"2025/12/04 10:57:12"	"13"	"Error"	"VSS"	"Volume Shadow Copy Service information: The COM Server with CLSID {4e14fba2-2e22-11d1-9964-00c04fbbb345} and name CEventSystem cannot be started. [0x8007045b, A system shutdown is in progress.
] "
"2025/12/04 10:57:07"	"1000"	"Error"	"Application Error"	"Faulting application name: Dell.TechHub.Diagnostics.SubAgent.exe, version: 1.9.1.303, time stamp: 0x684a0000
Faulting module name: ucrtbase.dll, version: 10.0.26100.7019, time stamp: 0x55eee9bf
Exception code: 0xc0000409
Fault offset: 0x00000000000a4ace
Faulting process id: 0x4BC8
Faulting application start time: 0x1DC5ECE51096FD6
Faulting application path: C:\Program Files\Dell\DTP\DiagnosticsSubAgent\Dell.TechHub.Diagnostics.SubAgent.exe
Faulting module path: C:\WINDOWS\System32\ucrtbase.dll
Report Id: a205653f-5da8-44ee-af21-ec41ae044ec4
Faulting package full name: 
Faulting package-relative application ID: "
