"2025/12/08 19:51:39"	"1014"	"Warning"	"Microsoft-Windows-DNS-Client"	"Name resolution for the name _ldap._tcp.Stellenbosch._sites.dc._msdcs.imqs.local. timed out after none of the configured DNS servers responded. Client PID 1364."
"2025/12/08 19:51:28"	"27"	"Warning"	"e1dexpress"	"Intel(R) Ethernet Connection (11) I219-LM
 Network link is disconnected.
"
"2025/12/08 19:51:28"	"22"	"Warning"	"Microsoft-Windows-Hyper-V-VmSwitch"	"Media disconnected on NIC /DEVICE/{0CC0E3FE-5ECE-403A-A0E1-5A1457606367} (Friendly Name: Intel(R) Ethernet Connection (11) I219-LM)."
"2025/12/08 19:51:28"	"10317"	"Error"	"Microsoft-Windows-NDIS"	"Miniport Microsoft Wi-Fi Direct Virtual Adapter #4, {6d961592-57f3-462e-8b31-347828315022}, had event Fatal error: The miniport has failed a power transition to operational power"
"2025/12/08 19:51:27"	"701"	"Warning"	"Win32k"	"Power Manager has not requested suppression of all input (INPUT_SUPPRESS_REQUEST=0)"
"2025/12/08 19:51:27"	"701"	"Warning"	"Win32k"	"Power Manager has not requested suppression of all input (INPUT_SUPPRESS_REQUEST=0)"
"2025/12/08 18:01:08"	"22"	"Warning"	"Microsoft-Windows-Hyper-V-VmSwitch"	"Media disconnected on NIC /DEVICE/{0CC0E3FE-5ECE-403A-A0E1-5A1457606367} (Friendly Name: Intel(R) Ethernet Connection (11) I219-LM)."
"2025/12/08 18:01:02"	"27"	"Warning"	"e1dexpress"	"Intel(R) Ethernet Connection (11) I219-LM
 Network link is disconnected.
"
"2025/12/08 17:01:02"	"700"	"Warning"	"Win32k"	"Power Manager has requested suppression of all input (INPUT_SUPPRESS_REQUEST=1)"
"2025/12/08 17:01:02"	"700"	"Warning"	"Win32k"	"Power Manager has requested suppression of all input (INPUT_SUPPRESS_REQUEST=1)"
"2025/12/08 17:00:59"	"27"	"Warning"	"e1dexpress"	"Intel(R) Ethernet Connection (11) I219-LM
 Network link is disconnected.
"
"2025/12/08 17:00:59"	"22"	"Warning"	"Microsoft-Windows-Hyper-V-VmSwitch"	"Media disconnected on NIC /DEVICE/{0CC0E3FE-5ECE-403A-A0E1-5A1457606367} (Friendly Name: Intel(R) Ethernet Connection (11) I219-LM)."
"2025/12/08 15:20:00"	"27"	"Warning"	"e1dexpress"	"Intel(R) Ethernet Connection (11) I219-LM
 Network link is disconnected.
"
"2025/12/08 15:20:00"	"22"	"Warning"	"Microsoft-Windows-Hyper-V-VmSwitch"	"Media disconnected on NIC /DEVICE/{0CC0E3FE-5ECE-403A-A0E1-5A1457606367} (Friendly Name: Intel(R) Ethernet Connection (11) I219-LM)."
"2025/12/08 15:19:57"	"129"	"Warning"	"Microsoft-Windows-Time-Service"	"NtpClient was unable to set a domain peer to use as a time source because of discovery error. NtpClient will try again in 15 minutes and double the reattempt interval thereafter. The error was: The entry is not found. (0x800706E1)"
"2025/12/08 15:19:57"	"129"	"Warning"	"Microsoft-Windows-Time-Service"	"NtpClient was unable to set a domain peer to use as a time source because of discovery error. NtpClient will try again in 15 minutes and double the reattempt interval thereafter. The error was: The entry is not found. (0x800706E1)"
"2025/12/08 15:19:57"	"27"	"Warning"	"e1dexpress"	"Intel(R) Ethernet Connection (11) I219-LM
 Network link is disconnected.
"
"2025/12/08 15:19:57"	"22"	"Warning"	"Microsoft-Windows-Hyper-V-VmSwitch"	"Media disconnected on NIC /DEVICE/{0CC0E3FE-5ECE-403A-A0E1-5A1457606367} (Friendly Name: Intel(R) Ethernet Connection (11) I219-LM)."
"2025/12/08 15:19:56"	"10317"	"Error"	"Microsoft-Windows-NDIS"	"Miniport Microsoft Wi-Fi Direct Virtual Adapter #4, {6d961592-57f3-462e-8b31-347828315022}, had event Fatal error: The miniport has failed a power transition to operational power"
"2025/12/08 15:19:56"	"30"	"Warning"	"TPM"	"Reset and/or resume count do not match expected values after hibernate/resume."
"2025/12/08 15:16:16"	"22"	"Warning"	"Microsoft-Windows-Hyper-V-VmSwitch"	"Media disconnected on NIC /DEVICE/{0CC0E3FE-5ECE-403A-A0E1-5A1457606367} (Friendly Name: Intel(R) Ethernet Connection (11) I219-LM)."
"2025/12/08 12:45:38"	"7034"	"Error"	"Service Control Manager"	"The Microsoft Storage Spaces SMP service terminated unexpectedly.  It has done this 1 time(s)."
"2025/12/08 12:00:28"	"6038"	"Warning"	"LsaSrv"	"Microsoft Windows Server has detected that NTLM authentication is presently being used between clients and this server. This event occurs once per boot of the server on the first time a client uses NTLM with this server.
 
NTLM is a weaker authentication mechanism. Please check:
 
      Which applications are using NTLM authentication?
      Are there configuration issues preventing the use of stronger authentication such as Kerberos authentication?
      If NTLM must be supported, is Extended Protection configured?
 
Details on how to complete these checks can be found at http://go.microsoft.com/fwlink/?LinkId=225699."
"2025/12/08 11:10:23"	"1"	"Error"	"VDS Basic Provider"	"Unexpected failure. Error code: 1B1@01050002"
"2025/12/08 10:06:46"	"27"	"Warning"	"e1dexpress"	"Intel(R) Ethernet Connection (11) I219-LM
 Network link is disconnected.
"
"2025/12/08 10:06:46"	"22"	"Warning"	"Microsoft-Windows-Hyper-V-VmSwitch"	"Media disconnected on NIC /DEVICE/{0CC0E3FE-5ECE-403A-A0E1-5A1457606367} (Friendly Name: Intel(R) Ethernet Connection (11) I219-LM)."
"2025/12/08 10:06:45"	"10400"	"Warning"	"Microsoft-Windows-NDIS"	"The network interface ""Intel(R) Ethernet Connection (11) I219-LM"" has begun resetting.  There will be a momentary disruption in network connectivity while the hardware resets. Reason: The network driver requested that it be reset. This network interface has reset 1 time(s) since it was last initialized."
"2025/12/08 09:03:14"	"10016"	"Warning"	"Microsoft-Windows-DistributedCOM"	"The application-specific permission settings do not grant Local Activation permission for the COM Server application with CLSID 
{2593F8B9-4EAF-457C-B68A-50F6B8EA6B54}
 and APPID 
{15C20B67-12E7-4BB6-92BB-7AFF07997402}
 to the user IMQS\ScottP SID (S-1-5-21-3765721009-194660189-3906104624-18310) from address LocalHost (Using LRPC) running in the application container MicrosoftWindows.Client.WebExperience_525.31002.150.0_x64__cw5n1h2txyewy SID (Unavailable). This security permission can be modified using the Component Services administrative tool."
"2025/12/08 08:38:10"	"10016"	"Warning"	"Microsoft-Windows-DistributedCOM"	"The application-specific permission settings do not grant Local Activation permission for the COM Server application with CLSID 
{2593F8B9-4EAF-457C-B68A-50F6B8EA6B54}
 and APPID 
{15C20B67-12E7-4BB6-92BB-7AFF07997402}
 to the user IMQS\ScottP SID (S-1-5-21-3765721009-194660189-3906104624-18310) from address LocalHost (Using LRPC) running in the application container Unavailable SID (Unavailable). This security permission can be modified using the Component Services administrative tool."
"2025/12/08 07:48:40"	"1801"	"Error"	"Microsoft-Windows-TPM-WMI"	"Secure Boot certificates have been updated but are not yet applied to the device firmware. Review the published guidance to complete the update and ensure full protection. This device signature information is included here.
DeviceAttributes: FirmwareManufacturer:Dell Inc.;FirmwareVersion:1.40.0;OEMManufacturerName:Dell Inc.;OEMModelSKU:09C0;OSArchitecture:amd64;
BucketId: 0f31c095f55ee4fe0dd520802e93b87ee228ba2b52daf66fc74e0ad1f60f2eff
BucketConfidenceLevel: 
UpdateType: 
For more information, please see https://go.microsoft.com/fwlink/?linkid=2301018."
"2025/12/08 07:48:02"	"7031"	"Error"	"Service Control Manager"	"The ITSMService service terminated unexpectedly.  It has done this 7 time(s).  The following corrective action will be taken in 3000 milliseconds: Restart the service."
"2025/12/08 07:47:45"	"7031"	"Error"	"Service Control Manager"	"The ITSMService service terminated unexpectedly.  It has done this 6 time(s).  The following corrective action will be taken in 3000 milliseconds: Restart the service."
"2025/12/08 07:47:24"	"7031"	"Error"	"Service Control Manager"	"The ITSMService service terminated unexpectedly.  It has done this 5 time(s).  The following corrective action will be taken in 3000 milliseconds: Restart the service."
"2025/12/08 07:47:05"	"7031"	"Error"	"Service Control Manager"	"The ITSMService service terminated unexpectedly.  It has done this 4 time(s).  The following corrective action will be taken in 3000 milliseconds: Restart the service."
"2025/12/08 07:46:58"	"10005"	"Error"	"Microsoft-Windows-DistributedCOM"	"DCOM got error ""2"" attempting to start the service LMS with arguments ""Unavailable"" in order to run the server:
{7CABC14E-7C51-4AAA-AE3F-CFEB42D5016A}"
"2025/12/08 07:46:58"	"7000"	"Error"	"Service Control Manager"	"The Intel(R) Management and Security Application Local Management Service service failed to start due to the following error: 
The system cannot find the file specified."
"2025/12/08 07:46:47"	"7031"	"Error"	"Service Control Manager"	"The ITSMService service terminated unexpectedly.  It has done this 3 time(s).  The following corrective action will be taken in 3000 milliseconds: Restart the service."
"2025/12/08 07:46:30"	"7031"	"Error"	"Service Control Manager"	"The ITSMService service terminated unexpectedly.  It has done this 2 time(s).  The following corrective action will be taken in 3000 milliseconds: Restart the service."
"2025/12/08 07:46:13"	"7031"	"Error"	"Service Control Manager"	"The ITSMService service terminated unexpectedly.  It has done this 1 time(s).  The following corrective action will be taken in 3000 milliseconds: Restart the service."
"2025/12/08 07:45:58"	"10016"	"Warning"	"Microsoft-Windows-DistributedCOM"	"The application-specific permission settings do not grant Local Launch permission for the COM Server application with CLSID 
Windows.SecurityCenter.WscBrokerManager
 and APPID 
Unavailable
 to the user NT AUTHORITY\SYSTEM SID (S-1-5-18) from address LocalHost (Using LRPC) running in the application container Unavailable SID (Unavailable). This security permission can be modified using the Component Services administrative tool."
"2025/12/08 07:45:58"	"10016"	"Warning"	"Microsoft-Windows-DistributedCOM"	"The application-specific permission settings do not grant Local Launch permission for the COM Server application with CLSID 
Windows.SecurityCenter.SecurityAppBroker
 and APPID 
Unavailable
 to the user NT AUTHORITY\SYSTEM SID (S-1-5-18) from address LocalHost (Using LRPC) running in the application container Unavailable SID (Unavailable). This security permission can be modified using the Component Services administrative tool."
"2025/12/08 07:45:23"	"1130"	"Error"	"Microsoft-Windows-GroupPolicy"	"Logon script failed. 
	GPO Name : COMODO
	GPO File System Path : \\imqs.local\SysVol\imqs.local\Policies\{42582AFD-7A5C-472E-931C-4AFD3D87B553}\User
	Script Name: C:\Users\Public\Downloads\COMODO Web DLP Subsystem.ps1.ps1"
"2025/12/08 07:45:23"	"1130"	"Error"	"Microsoft-Windows-GroupPolicy"	"Logon script failed. 
	GPO Name : COMODO
	GPO File System Path : \\imqs.local\SysVol\imqs.local\Policies\{42582AFD-7A5C-472E-931C-4AFD3D87B553}\User
	Script Name: C:\Users\Public\Downloads\COMODO Virtual Service Manager.ps1.ps1"
"2025/12/08 07:44:57"	"10016"	"Warning"	"Microsoft-Windows-DistributedCOM"	"The application-specific permission settings do not grant Local Activation permission for the COM Server application with CLSID 
{2593F8B9-4EAF-457C-B68A-50F6B8EA6B54}
 and APPID 
{15C20B67-12E7-4BB6-92BB-7AFF07997402}
 to the user IMQS\ScottP SID (S-1-5-21-3765721009-194660189-3906104624-18310) from address LocalHost (Using LRPC) running in the application container MSTeams_25306.804.4102.7193_x64__8wekyb3d8bbwe SID (Unavailable). This security permission can be modified using the Component Services administrative tool."
"2025/12/08 07:44:27"	"10016"	"Warning"	"Microsoft-Windows-DistributedCOM"	"The application-specific permission settings do not grant Local Launch permission for the COM Server application with CLSID 
Windows.SecurityCenter.WscCloudBackupProvider
 and APPID 
Unavailable
 to the user IMQS\ScottP SID (S-1-5-21-3765721009-194660189-3906104624-18310) from address LocalHost (Using LRPC) running in the application container Unavailable SID (Unavailable). This security permission can be modified using the Component Services administrative tool."
"2025/12/08 07:44:23"	"10016"	"Warning"	"Microsoft-Windows-DistributedCOM"	"The application-specific permission settings do not grant Local Activation permission for the COM Server application with CLSID 
{2593F8B9-4EAF-457C-B68A-50F6B8EA6B54}
 and APPID 
{15C20B67-12E7-4BB6-92BB-7AFF07997402}
 to the user IMQS\ScottP SID (S-1-5-21-3765721009-194660189-3906104624-18310) from address LocalHost (Using LRPC) running in the application container Unavailable SID (Unavailable). This security permission can be modified using the Component Services administrative tool."
"2025/12/08 07:44:23"	"10016"	"Warning"	"Microsoft-Windows-DistributedCOM"	"The application-specific permission settings do not grant Local Activation permission for the COM Server application with CLSID 
{2593F8B9-4EAF-457C-B68A-50F6B8EA6B54}
 and APPID 
{15C20B67-12E7-4BB6-92BB-7AFF07997402}
 to the user IMQS\ScottP SID (S-1-5-21-3765721009-194660189-3906104624-18310) from address LocalHost (Using LRPC) running in the application container Unavailable SID (Unavailable). This security permission can be modified using the Component Services administrative tool."
"2025/12/08 07:44:21"	"108"	"Warning"	"MSiSCSI"	"Status 0x00001069 determining that device interface \\?\SWD#XvddEnum#XvddRootDevice_Instance#{2accfe60-c130-11d2-b082-00a0c91efb8b} does not support iSCSI WMI interfaces. If this device is not an iSCSI HBA then this error can be ignored.  "
"2025/12/08 07:44:13"	"108"	"Warning"	"MSiSCSI"	"Status 0x00001069 determining that device interface \\?\{8e7bd593-6e6c-4c52-86a6-77175494dd8e}#MsVhdHba#1&3030e83&0&01#{2accfe60-c130-11d2-b082-00a0c91efb8b} does not support iSCSI WMI interfaces. If this device is not an iSCSI HBA then this error can be ignored.  "
"2025/12/08 07:44:06"	"1130"	"Error"	"Microsoft-Windows-GroupPolicy"	"Startup script failed. 
	GPO Name : StartUpScript
	GPO File System Path : \\imqs.local\SysVol\imqs.local\Policies\{F12D16CB-40FF-41BC-8531-CB626633BA13}\Machine
	Script Name: C:\Temp\gpupdate_script.bat\gpupdate_script.bat"
"2025/12/08 07:44:05"	"5719"	"Error"	"NETLOGON"	"This computer was not able to set up a secure session with a domain controller in domain IMQS due to the following: 
An internal error occurred. 
This may lead to authentication problems. Make sure that this computer is connected to the network. If the problem persists, please contact your domain administrator.  

ADDITIONAL INFO 
If this computer is a domain controller for the specified domain, it sets up the secure session to the primary domain controller emulator in the specified domain. Otherwise, this computer sets up the secure session to any domain controller in the specified domain."
"2025/12/08 07:43:55"	"6062"	"Warning"	"Netwtw10"	"6062 - Lso was triggered"
"2025/12/08 07:43:53"	"10016"	"Warning"	"Microsoft-Windows-DistributedCOM"	"The application-specific permission settings do not grant Local Activation permission for the COM Server application with CLSID 
{6B3B8D23-FA8D-40B9-8DBD-B950333E2C52}
 and APPID 
{4839DDB7-58C2-48F5-8283-E1D1807D0D7D}
 to the user NT AUTHORITY\LOCAL SERVICE SID (S-1-5-19) from address LocalHost (Using LRPC) running in the application container Unavailable SID (Unavailable). This security permission can be modified using the Component Services administrative tool."
"2025/12/08 07:43:53"	"10016"	"Warning"	"Microsoft-Windows-DistributedCOM"	"The application-specific permission settings do not grant Local Activation permission for the COM Server application with CLSID 
{6B3B8D23-FA8D-40B9-8DBD-B950333E2C52}
 and APPID 
{4839DDB7-58C2-48F5-8283-E1D1807D0D7D}
 to the user NT AUTHORITY\LOCAL SERVICE SID (S-1-5-19) from address LocalHost (Using LRPC) running in the application container Unavailable SID (Unavailable). This security permission can be modified using the Component Services administrative tool."
"2025/12/08 07:43:53"	"7023"	"Error"	"Service Control Manager"	"The MessagingService_eeeba service terminated with the following error: 
The device is not ready."
"2025/12/08 07:43:51"	"10002"	"Warning"	"Microsoft-Windows-WLAN-AutoConfig"	"WLAN Extensibility Module has stopped.

Module Path: C:\WINDOWS\system32\IntelIHVRouter10.dll
"
"2025/12/08 07:43:51"	"7023"	"Error"	"Service Control Manager"	"The Intel(R) PROSet/Wireless Zero Configuration Service service terminated with the following error: 
%%2147770990"
"2025/12/08 07:43:50"	"129"	"Warning"	"Microsoft-Windows-Time-Service"	"NtpClient was unable to set a domain peer to use as a time source because of discovery error. NtpClient will try again in 15 minutes and double the reattempt interval thereafter. The error was: The entry is not found. (0x800706E1)"
"2025/12/08 07:43:49"	"129"	"Warning"	"Microsoft-Windows-Time-Service"	"NtpClient was unable to set a domain peer to use as a time source because of discovery error. NtpClient will try again in 15 minutes and double the reattempt interval thereafter. The error was: The entry is not found. (0x800706E1)"
"2025/12/08 07:43:43"	"121"	"Warning"	"MSiSCSI"	"The firewall exception to allow Internet Storage Name Server (iSNS) client functionality is not enabled. iSNS client functionality is not available."
"2025/12/08 07:43:41"	"7000"	"Error"	"Service Control Manager"	"The LMS service failed to start due to the following error: 
The system cannot find the file specified."
"2025/12/08 07:43:40"	"5719"	"Error"	"NETLOGON"	"This computer was not able to set up a secure session with a domain controller in domain IMQS due to the following: 
We can't sign you in with this credential because your domain isn't available. Make sure your device is connected to your organization's network and try again. If you previously signed in on this device with another credential, you can sign in with that credential. 
This may lead to authentication problems. Make sure that this computer is connected to the network. If the problem persists, please contact your domain administrator.  

ADDITIONAL INFO 
If this computer is a domain controller for the specified domain, it sets up the secure session to the primary domain controller emulator in the specified domain. Otherwise, this computer sets up the secure session to any domain controller in the specified domain."
"2025/12/08 07:43:32"	"219"	"Warning"	"Microsoft-Windows-Kernel-PnP"	"The driver \Driver\WUDFRd failed to load.
Device: {DD8E82AE-334B-49A2-AEAE-AEB0FD5C40DD}\DetectionVerification\5&258b84be&0&0
Status: 0xC0000365"
"2025/12/08 07:43:32"	"219"	"Warning"	"Microsoft-Windows-Kernel-PnP"	"The driver \Driver\WUDFRd failed to load.
Device: CVUSBDRV\CV3_WBF_PROVIDER_TOUCH\6&c3ac727&0&513
Status: 0xC0000365"
"2025/12/08 07:43:30"	"27"	"Warning"	"e1dexpress"	"Intel(R) Ethernet Connection (11) I219-LM
 Network link is disconnected.
"
"2025/12/08 07:43:30"	"22"	"Warning"	"Microsoft-Windows-Hyper-V-VmSwitch"	"Media disconnected on NIC /DEVICE/{0CC0E3FE-5ECE-403A-A0E1-5A1457606367} (Friendly Name: Intel(R) Ethernet Connection (11) I219-LM)."
"2025/12/08 07:43:30"	"12"	"Error"	"VBoxNetLwf"	"The driver detected an internal driver error on \Device\VBoxNetLwf."
"2025/12/08 07:43:29"	"219"	"Warning"	"Microsoft-Windows-Kernel-PnP"	"The driver \Driver\WUDFRd failed to load.
Device: PCI\VEN_8086&DEV_15E8&SUBSYS_09C01028&REV_06\61BC50006AC9A00000
Status: 0xC0000365"
"2025/12/08 07:43:29"	"219"	"Warning"	"Microsoft-Windows-Kernel-PnP"	"The driver \Driver\WUDFRd failed to load.
Device: PCI\VEN_8086&DEV_1903&SUBSYS_09C01028&REV_02\3&11583659&0&20
Status: 0xC0000365"
"2025/12/08 07:43:28"	"219"	"Warning"	"Microsoft-Windows-Kernel-PnP"	"The driver \Driver\WUDFRd failed to load.
Device: ROOT\SENSOR\0000
Status: 0xC0000365"
"2025/12/08 07:43:28"	"11"	"Warning"	"Microsoft-Windows-FilterManager"	"File System Filter 'cesguard' (Version 10.0, ‎2024‎-‎06‎-‎25T14:36:16.000000000Z) does not support bypass IO.
Supported features: 0x4."
"2025/12/08 07:43:28"	"11"	"Warning"	"Microsoft-Windows-FilterManager"	"File System Filter 'cesguard' (Version 10.0, ‎2024‎-‎06‎-‎25T14:36:16.000000000Z) does not support bypass IO.
Supported features: 0x4."
"2025/12/08 07:43:24"	"167"	"Warning"	"Microsoft-Windows-Hyper-V-Hypervisor"	"The hypervisor did not enable mitigations for side channel vulnerabilities for virtual machines because HyperThreading is enabled. To enable mitigations for virtual machines, disable HyperThreading."
"2025/12/08 07:40:54"	"8020"	"Warning"	"Microsoft-Windows-DNS-Client"	"The system failed to register host (A or AAAA) resource records (RRs) for network adapter
with settings:

           Adapter Name : {E5F59544-8ADA-4202-BFBD-4A6F938AA1A5}
           Host Name : Scott5411
           Primary Domain Suffix : imqs.local
           DNS server list :
             	192.168.4.47, 192.168.4.37
           Sent update to server : <?>
           IP Address(es) :
             192.168.1.178

The reason the system could not register these RRs during the update request was because of a system problem. You can manually retry DNS registration of the network adapter and its settings by typing 'ipconfig /registerdns' at the command prompt. If problems still persist, contact your DNS server or network systems administrator. See event details for specific error code information."
"2025/12/08 07:36:37"	"5719"	"Error"	"NETLOGON"	"This computer was not able to set up a secure session with a domain controller in domain IMQS due to the following: 
An internal error occurred. 
This may lead to authentication problems. Make sure that this computer is connected to the network. If the problem persists, please contact your domain administrator.  

ADDITIONAL INFO 
If this computer is a domain controller for the specified domain, it sets up the secure session to the primary domain controller emulator in the specified domain. Otherwise, this computer sets up the secure session to any domain controller in the specified domain."
"2025/12/08 07:33:47"	"100"	"Warning"	"winsrvext"	"Process C:\Program Files (x86)\Drobo\Drobo Dashboard\DDAssist.exe is delaying system shutdown after 5078 milliseconds."
"2025/12/08 07:33:42"	"10010"	"Error"	"Microsoft-Windows-DistributedCOM"	"The server Microsoft.AAD.BrokerPlugin_1000.19580.1000.2_neutral_neutral_cw5n1h2txyewy!Windows.Security.Authentication.Web.Core.BackgroundGetTokenTask.ClassId.WebAccountProvider did not register with DCOM within the required timeout."
"2025/12/08 07:30:55"	"10016"	"Warning"	"Microsoft-Windows-DistributedCOM"	"The application-specific permission settings do not grant Local Activation permission for the COM Server application with CLSID 
{2593F8B9-4EAF-457C-B68A-50F6B8EA6B54}
 and APPID 
{15C20B67-12E7-4BB6-92BB-7AFF07997402}
 to the user IMQS\ScottP SID (S-1-5-21-3765721009-194660189-3906104624-18310) from address LocalHost (Using LRPC) running in the application container MSTeams_25306.804.4102.7193_x64__8wekyb3d8bbwe SID (Unavailable). This security permission can be modified using the Component Services administrative tool."
"2025/12/08 07:30:44"	"6062"	"Warning"	"Netwtw10"	"6062 - Lso was triggered"
"2025/12/08 07:30:40"	"129"	"Warning"	"Microsoft-Windows-Time-Service"	"NtpClient was unable to set a domain peer to use as a time source because of discovery error. NtpClient will try again in 15 minutes and double the reattempt interval thereafter. The error was: The entry is not found. (0x800706E1)"
"2025/12/08 07:30:38"	"129"	"Warning"	"Microsoft-Windows-Time-Service"	"NtpClient was unable to set a domain peer to use as a time source because of discovery error. NtpClient will try again in 15 minutes and double the reattempt interval thereafter. The error was: The entry is not found. (0x800706E1)"
"2025/12/08 07:30:38"	"10317"	"Error"	"Microsoft-Windows-NDIS"	"Miniport Microsoft Wi-Fi Direct Virtual Adapter #4, {6d961592-57f3-462e-8b31-347828315022}, had event Fatal error: The miniport has failed a power transition to operational power"
"2025/12/08 07:30:37"	"27"	"Warning"	"e1dexpress"	"Intel(R) Ethernet Connection (11) I219-LM
 Network link is disconnected.
"
"2025/12/08 07:30:37"	"22"	"Warning"	"Microsoft-Windows-Hyper-V-VmSwitch"	"Media disconnected on NIC /DEVICE/{0CC0E3FE-5ECE-403A-A0E1-5A1457606367} (Friendly Name: Intel(R) Ethernet Connection (11) I219-LM)."
"2025/12/08 07:30:37"	"30"	"Warning"	"TPM"	"Reset and/or resume count do not match expected values after hibernate/resume."
"2025/12/07 17:19:52"	"22"	"Warning"	"Microsoft-Windows-Hyper-V-VmSwitch"	"Media disconnected on NIC /DEVICE/{0CC0E3FE-5ECE-403A-A0E1-5A1457606367} (Friendly Name: Intel(R) Ethernet Connection (11) I219-LM)."
"2025/12/07 16:39:22"	"1129"	"Error"	"Microsoft-Windows-GroupPolicy"	"The processing of Group Policy failed because of lack of network connectivity to a domain controller. This may be a transient condition. A success message would be generated once the machine gets connected to the domain controller and Group Policy has successfully processed. If you do not see a success message for several hours, then contact your administrator."
"2025/12/07 15:21:22"	"1129"	"Error"	"Microsoft-Windows-GroupPolicy"	"The processing of Group Policy failed because of lack of network connectivity to a domain controller. This may be a transient condition. A success message would be generated once the machine gets connected to the domain controller and Group Policy has successfully processed. If you do not see a success message for several hours, then contact your administrator."
"2025/12/07 15:20:48"	"1129"	"Error"	"Microsoft-Windows-GroupPolicy"	"The processing of Group Policy failed because of lack of network connectivity to a domain controller. This may be a transient condition. A success message would be generated once the machine gets connected to the domain controller and Group Policy has successfully processed. If you do not see a success message for several hours, then contact your administrator."
"2025/12/07 15:20:48"	"1129"	"Error"	"Microsoft-Windows-GroupPolicy"	"The processing of Group Policy failed because of lack of network connectivity to a domain controller. This may be a transient condition. A success message would be generated once the machine gets connected to the domain controller and Group Policy has successfully processed. If you do not see a success message for several hours, then contact your administrator."
"2025/12/07 15:16:40"	"10016"	"Warning"	"Microsoft-Windows-DistributedCOM"	"The application-specific permission settings do not grant Local Activation permission for the COM Server application with CLSID 
{2593F8B9-4EAF-457C-B68A-50F6B8EA6B54}
 and APPID 
{15C20B67-12E7-4BB6-92BB-7AFF07997402}
 to the user IMQS\ScottP SID (S-1-5-21-3765721009-194660189-3906104624-18310) from address LocalHost (Using LRPC) running in the application container Unavailable SID (Unavailable). This security permission can be modified using the Component Services administrative tool."
"2025/12/07 15:15:32"	"129"	"Warning"	"Microsoft-Windows-Time-Service"	"NtpClient was unable to set a domain peer to use as a time source because of discovery error. NtpClient will try again in 15 minutes and double the reattempt interval thereafter. The error was: The entry is not found. (0x800706E1)"
"2025/12/07 15:14:54"	"6062"	"Warning"	"Netwtw10"	"6062 - Lso was triggered"
"2025/12/07 15:14:51"	"129"	"Warning"	"Microsoft-Windows-Time-Service"	"NtpClient was unable to set a domain peer to use as a time source because of discovery error. NtpClient will try again in 15 minutes and double the reattempt interval thereafter. The error was: The entry is not found. (0x800706E1)"
"2025/12/07 15:14:51"	"129"	"Warning"	"Microsoft-Windows-Time-Service"	"NtpClient was unable to set a domain peer to use as a time source because of discovery error. NtpClient will try again in 15 minutes and double the reattempt interval thereafter. The error was: The entry is not found. (0x800706E1)"
"2025/12/07 15:14:50"	"10317"	"Error"	"Microsoft-Windows-NDIS"	"Miniport Microsoft Wi-Fi Direct Virtual Adapter #4, {6d961592-57f3-462e-8b31-347828315022}, had event Fatal error: The miniport has failed a power transition to operational power"
"2025/12/07 15:14:50"	"27"	"Warning"	"e1dexpress"	"Intel(R) Ethernet Connection (11) I219-LM
 Network link is disconnected.
"
"2025/12/07 15:14:50"	"22"	"Warning"	"Microsoft-Windows-Hyper-V-VmSwitch"	"Media disconnected on NIC /DEVICE/{0CC0E3FE-5ECE-403A-A0E1-5A1457606367} (Friendly Name: Intel(R) Ethernet Connection (11) I219-LM)."
"2025/12/07 15:14:49"	"701"	"Warning"	"Win32k"	"Power Manager has not requested suppression of all input (INPUT_SUPPRESS_REQUEST=0)"
"2025/12/07 15:14:49"	"701"	"Warning"	"Win32k"	"Power Manager has not requested suppression of all input (INPUT_SUPPRESS_REQUEST=0)"
"2025/12/07 12:40:39"	"22"	"Warning"	"Microsoft-Windows-Hyper-V-VmSwitch"	"Media disconnected on NIC /DEVICE/{0CC0E3FE-5ECE-403A-A0E1-5A1457606367} (Friendly Name: Intel(R) Ethernet Connection (11) I219-LM)."
"2025/12/07 12:40:34"	"1129"	"Error"	"Microsoft-Windows-GroupPolicy"	"The processing of Group Policy failed because of lack of network connectivity to a domain controller. This may be a transient condition. A success message would be generated once the machine gets connected to the domain controller and Group Policy has successfully processed. If you do not see a success message for several hours, then contact your administrator."
"2025/12/07 12:40:33"	"27"	"Warning"	"e1dexpress"	"Intel(R) Ethernet Connection (11) I219-LM
 Network link is disconnected.
"
"2025/12/07 12:40:33"	"129"	"Warning"	"Microsoft-Windows-Time-Service"	"NtpClient was unable to set a domain peer to use as a time source because of discovery error. NtpClient will try again in 15 minutes and double the reattempt interval thereafter. The error was: The entry is not found. (0x800706E1)"
"2025/12/07 11:42:08"	"27"	"Warning"	"e1dexpress"	"Intel(R) Ethernet Connection (11) I219-LM
 Network link is disconnected.
"
"2025/12/07 11:40:50"	"27"	"Warning"	"e1dexpress"	"Intel(R) Ethernet Connection (11) I219-LM
 Network link is disconnected.
"
"2025/12/07 11:40:33"	"700"	"Warning"	"Win32k"	"Power Manager has requested suppression of all input (INPUT_SUPPRESS_REQUEST=1)"
"2025/12/07 11:40:33"	"700"	"Warning"	"Win32k"	"Power Manager has requested suppression of all input (INPUT_SUPPRESS_REQUEST=1)"
"2025/12/07 11:40:08"	"10016"	"Warning"	"Microsoft-Windows-DistributedCOM"	"The application-specific permission settings do not grant Local Activation permission for the COM Server application with CLSID 
{2593F8B9-4EAF-457C-B68A-50F6B8EA6B54}
 and APPID 
{15C20B67-12E7-4BB6-92BB-7AFF07997402}
 to the user IMQS\ScottP SID (S-1-5-21-3765721009-194660189-3906104624-18310) from address LocalHost (Using LRPC) running in the application container Unavailable SID (Unavailable). This security permission can be modified using the Component Services administrative tool."
"2025/12/07 11:38:16"	"10005"	"Error"	"Microsoft-Windows-DistributedCOM"	"DCOM got error ""2"" attempting to start the service LMS with arguments ""Unavailable"" in order to run the server:
{7CABC14E-7C51-4AAA-AE3F-CFEB42D5016A}"
"2025/12/07 11:38:16"	"7000"	"Error"	"Service Control Manager"	"The Intel(R) Management and Security Application Local Management Service service failed to start due to the following error: 
The system cannot find the file specified."
"2025/12/07 11:36:51"	"10016"	"Warning"	"Microsoft-Windows-DistributedCOM"	"The application-specific permission settings do not grant Local Activation permission for the COM Server application with CLSID 
{2593F8B9-4EAF-457C-B68A-50F6B8EA6B54}
 and APPID 
{15C20B67-12E7-4BB6-92BB-7AFF07997402}
 to the user IMQS\ScottP SID (S-1-5-21-3765721009-194660189-3906104624-18310) from address LocalHost (Using LRPC) running in the application container MSTeams_25306.804.4102.7193_x64__8wekyb3d8bbwe SID (Unavailable). This security permission can be modified using the Component Services administrative tool."
"2025/12/07 11:36:20"	"10016"	"Warning"	"Microsoft-Windows-DistributedCOM"	"The application-specific permission settings do not grant Local Activation permission for the COM Server application with CLSID 
{2593F8B9-4EAF-457C-B68A-50F6B8EA6B54}
 and APPID 
{15C20B67-12E7-4BB6-92BB-7AFF07997402}
 to the user IMQS\ScottP SID (S-1-5-21-3765721009-194660189-3906104624-18310) from address LocalHost (Using LRPC) running in the application container Unavailable SID (Unavailable). This security permission can be modified using the Component Services administrative tool."
"2025/12/07 11:36:13"	"10016"	"Warning"	"Microsoft-Windows-DistributedCOM"	"The application-specific permission settings do not grant Local Activation permission for the COM Server application with CLSID 
{2593F8B9-4EAF-457C-B68A-50F6B8EA6B54}
 and APPID 
{15C20B67-12E7-4BB6-92BB-7AFF07997402}
 to the user IMQS\ScottP SID (S-1-5-21-3765721009-194660189-3906104624-18310) from address LocalHost (Using LRPC) running in the application container Unavailable SID (Unavailable). This security permission can be modified using the Component Services administrative tool."
"2025/12/07 11:35:43"	"129"	"Warning"	"Microsoft-Windows-Time-Service"	"NtpClient was unable to set a domain peer to use as a time source because of discovery error. NtpClient will try again in 15 minutes and double the reattempt interval thereafter. The error was: The entry is not found. (0x800706E1)"
"2025/12/07 11:35:18"	"1130"	"Error"	"Microsoft-Windows-GroupPolicy"	"Logon script failed. 
	GPO Name : Change Local Admin Account
	GPO File System Path : \\imqs.local\SysVol\imqs.local\Policies\{D5314A68-BAC1-4A27-910C-B0E6E555C19C}\User
	Script Name: Passwordrest.bat"
"2025/12/07 11:35:18"	"1130"	"Error"	"Microsoft-Windows-GroupPolicy"	"Logon script failed. 
	GPO Name : StartUpScript
	GPO File System Path : \\imqs.local\SysVol\imqs.local\Policies\{F12D16CB-40FF-41BC-8531-CB626633BA13}\User
	Script Name: \\Caesar\sysvol\imqs.local\scripts\Reset Windows Updates.bat"
"2025/12/07 11:35:18"	"1130"	"Error"	"Microsoft-Windows-GroupPolicy"	"Logon script failed. 
	GPO Name : COMODO
	GPO File System Path : \\imqs.local\SysVol\imqs.local\Policies\{42582AFD-7A5C-472E-931C-4AFD3D87B553}\User
	Script Name: C:\Users\Public\Downloads\COMODO Web DLP Subsystem.ps1.ps1"
"2025/12/07 11:35:18"	"1130"	"Error"	"Microsoft-Windows-GroupPolicy"	"Logon script failed. 
	GPO Name : COMODO
	GPO File System Path : \\imqs.local\SysVol\imqs.local\Policies\{42582AFD-7A5C-472E-931C-4AFD3D87B553}\User
	Script Name: C:\Users\Public\Downloads\COMODO Virtual Service Manager.ps1.ps1"
"2025/12/07 11:35:11"	"6062"	"Warning"	"Netwtw10"	"6062 - Lso was triggered"
"2025/12/07 11:35:11"	"10016"	"Warning"	"Microsoft-Windows-DistributedCOM"	"The application-specific permission settings do not grant Local Activation permission for the COM Server application with CLSID 
{6B3B8D23-FA8D-40B9-8DBD-B950333E2C52}
 and APPID 
{4839DDB7-58C2-48F5-8283-E1D1807D0D7D}
 to the user NT AUTHORITY\LOCAL SERVICE SID (S-1-5-19) from address LocalHost (Using LRPC) running in the application container Unavailable SID (Unavailable). This security permission can be modified using the Component Services administrative tool."
"2025/12/07 11:35:10"	"10016"	"Warning"	"Microsoft-Windows-DistributedCOM"	"The application-specific permission settings do not grant Local Activation permission for the COM Server application with CLSID 
{6B3B8D23-FA8D-40B9-8DBD-B950333E2C52}
 and APPID 
{4839DDB7-58C2-48F5-8283-E1D1807D0D7D}
 to the user NT AUTHORITY\LOCAL SERVICE SID (S-1-5-19) from address LocalHost (Using LRPC) running in the application container Unavailable SID (Unavailable). This security permission can be modified using the Component Services administrative tool."
"2025/12/07 11:35:10"	"7023"	"Error"	"Service Control Manager"	"The MessagingService_13008f24 service terminated with the following error: 
The device is not ready."
"2025/12/07 11:35:10"	"1129"	"Error"	"Microsoft-Windows-GroupPolicy"	"The processing of Group Policy failed because of lack of network connectivity to a domain controller. This may be a transient condition. A success message would be generated once the machine gets connected to the domain controller and Group Policy has successfully processed. If you do not see a success message for several hours, then contact your administrator."
"2025/12/07 11:35:10"	"5719"	"Error"	"NETLOGON"	"This computer was not able to set up a secure session with a domain controller in domain IMQS due to the following: 
We can't sign you in with this credential because your domain isn't available. Make sure your device is connected to your organization's network and try again. If you previously signed in on this device with another credential, you can sign in with that credential. 
This may lead to authentication problems. Make sure that this computer is connected to the network. If the problem persists, please contact your domain administrator.  

ADDITIONAL INFO 
If this computer is a domain controller for the specified domain, it sets up the secure session to the primary domain controller emulator in the specified domain. Otherwise, this computer sets up the secure session to any domain controller in the specified domain."
"2025/12/07 11:35:03"	"129"	"Warning"	"Microsoft-Windows-Time-Service"	"NtpClient was unable to set a domain peer to use as a time source because of discovery error. NtpClient will try again in 15 minutes and double the reattempt interval thereafter. The error was: The entry is not found. (0x800706E1)"
"2025/12/07 11:35:03"	"129"	"Warning"	"Microsoft-Windows-Time-Service"	"NtpClient was unable to set a domain peer to use as a time source because of discovery error. NtpClient will try again in 15 minutes and double the reattempt interval thereafter. The error was: The entry is not found. (0x800706E1)"
"2025/12/07 11:35:02"	"10317"	"Error"	"Microsoft-Windows-NDIS"	"Miniport Microsoft Wi-Fi Direct Virtual Adapter #4, {6d961592-57f3-462e-8b31-347828315022}, had event Fatal error: The miniport has failed a power transition to operational power"
"2025/12/07 11:35:02"	"27"	"Warning"	"e1dexpress"	"Intel(R) Ethernet Connection (11) I219-LM
 Network link is disconnected.
"
"2025/12/07 11:35:02"	"22"	"Warning"	"Microsoft-Windows-Hyper-V-VmSwitch"	"Media disconnected on NIC /DEVICE/{0CC0E3FE-5ECE-403A-A0E1-5A1457606367} (Friendly Name: Intel(R) Ethernet Connection (11) I219-LM)."
"2025/12/06 18:47:34"	"22"	"Warning"	"Microsoft-Windows-Hyper-V-VmSwitch"	"Media disconnected on NIC /DEVICE/{0CC0E3FE-5ECE-403A-A0E1-5A1457606367} (Friendly Name: Intel(R) Ethernet Connection (11) I219-LM)."
"2025/12/06 18:47:28"	"10010"	"Error"	"Microsoft-Windows-DistributedCOM"	"The server Microsoft.AAD.BrokerPlugin_1000.19580.1000.2_neutral_neutral_cw5n1h2txyewy!Windows.Security.Authentication.Web.Core.BackgroundGetTokenTask.ClassId.WebAccountProvider did not register with DCOM within the required timeout."
"2025/12/06 18:47:28"	"10010"	"Error"	"Microsoft-Windows-DistributedCOM"	"The server {815211C2-E515-4437-A8CC-E93857DF54F5} did not register with DCOM within the required timeout."
"2025/12/06 18:47:28"	"100"	"Warning"	"winsrvext"	"Process C:\Program Files\Electronic Arts\EA Desktop\EA Desktop\EADesktop.exe is delaying system shutdown after 5078 milliseconds."
"2025/12/06 18:47:28"	"100"	"Warning"	"winsrvext"	"Process C:\Program Files (x86)\Drobo\Drobo Dashboard\DDAssist.exe is delaying system shutdown after 5062 milliseconds."
"2025/12/06 18:33:22"	"1129"	"Error"	"Microsoft-Windows-GroupPolicy"	"The processing of Group Policy failed because of lack of network connectivity to a domain controller. This may be a transient condition. A success message would be generated once the machine gets connected to the domain controller and Group Policy has successfully processed. If you do not see a success message for several hours, then contact your administrator."
"2025/12/06 17:45:37"	"1129"	"Error"	"Microsoft-Windows-GroupPolicy"	"The processing of Group Policy failed because of lack of network connectivity to a domain controller. This may be a transient condition. A success message would be generated once the machine gets connected to the domain controller and Group Policy has successfully processed. If you do not see a success message for several hours, then contact your administrator."
"2025/12/06 17:27:22"	"129"	"Warning"	"Microsoft-Windows-Time-Service"	"NtpClient was unable to set a domain peer to use as a time source because of discovery error. NtpClient will try again in 15 minutes and double the reattempt interval thereafter. The error was: The entry is not found. (0x800706E1)"
"2025/12/06 17:26:39"	"10016"	"Warning"	"Microsoft-Windows-DistributedCOM"	"The application-specific permission settings do not grant Local Activation permission for the COM Server application with CLSID 
{2593F8B9-4EAF-457C-B68A-50F6B8EA6B54}
 and APPID 
{15C20B67-12E7-4BB6-92BB-7AFF07997402}
 to the user IMQS\ScottP SID (S-1-5-21-3765721009-194660189-3906104624-18310) from address LocalHost (Using LRPC) running in the application container MicrosoftWindows.Client.WebExperience_525.31002.150.0_x64__cw5n1h2txyewy SID (Unavailable). This security permission can be modified using the Component Services administrative tool."
"2025/12/06 17:26:31"	"6062"	"Warning"	"Netwtw10"	"6062 - Lso was triggered"
"2025/12/06 17:26:30"	"8016"	"Warning"	"Microsoft-Windows-DNS-Client"	"The system failed to register host (A or AAAA) resource records (RRs) for network adapter
with settings:

           Adapter Name : {E5F59544-8ADA-4202-BFBD-4A6F938AA1A5}
           Host Name : Scott5411
           Primary Domain Suffix : imqs.local
           DNS server list :
             	10.0.0.2
           Sent update to server : <?>
           IP Address(es) :
             10.0.0.11

The reason the system could not register these RRs was because the DNS server failed the update request. The most likely cause of this is that the authoritative DNS server required to process this update request has a lock in place on the zone, probably because a zone transfer is in progress.

You can manually retry DNS registration of the network adapter and its settings by typing 'ipconfig /registerdns' at the command prompt. If problems still persist, contact your DNS server or network systems administrator."
"2025/12/06 17:25:45"	"129"	"Warning"	"Microsoft-Windows-Time-Service"	"NtpClient was unable to set a domain peer to use as a time source because of discovery error. NtpClient will try again in 15 minutes and double the reattempt interval thereafter. The error was: The entry is not found. (0x800706E1)"
"2025/12/06 17:15:23"	"1129"	"Error"	"Microsoft-Windows-GroupPolicy"	"The processing of Group Policy failed because of lack of network connectivity to a domain controller. This may be a transient condition. A success message would be generated once the machine gets connected to the domain controller and Group Policy has successfully processed. If you do not see a success message for several hours, then contact your administrator."
"2025/12/06 16:23:07"	"108"	"Warning"	"MSiSCSI"	"Status 0x00001069 determining that device interface \\?\SWD#XvddEnum#XvddRootDevice_Instance#{2accfe60-c130-11d2-b082-00a0c91efb8b} does not support iSCSI WMI interfaces. If this device is not an iSCSI HBA then this error can be ignored.  "
"2025/12/06 16:22:36"	"10005"	"Error"	"Microsoft-Windows-DistributedCOM"	"DCOM got error ""87"" attempting to start the service GamingServices with arguments ""Unavailable"" in order to run the server:
{D529741A-1BF1-4D1E-9976-35089622E758}"
"2025/12/06 16:22:36"	"10005"	"Error"	"Microsoft-Windows-DistributedCOM"	"DCOM got error ""87"" attempting to start the service GamingServices with arguments ""Unavailable"" in order to run the server:
{3E8C9ABE-9226-4609-BF5B-60288A391DEE}"
"2025/12/06 16:22:36"	"10005"	"Error"	"Microsoft-Windows-DistributedCOM"	"DCOM got error ""87"" attempting to start the service GamingServices with arguments ""Unavailable"" in order to run the server:
{D529741A-1BF1-4D1E-9976-35089622E758}"
"2025/12/06 16:22:36"	"10005"	"Error"	"Microsoft-Windows-DistributedCOM"	"DCOM got error ""87"" attempting to start the service GamingServices with arguments ""Unavailable"" in order to run the server:
{3E8C9ABE-9226-4609-BF5B-60288A391DEE}"
"2025/12/06 16:09:49"	"10016"	"Warning"	"Microsoft-Windows-DistributedCOM"	"The application-specific permission settings do not grant Local Activation permission for the COM Server application with CLSID 
{2593F8B9-4EAF-457C-B68A-50F6B8EA6B54}
 and APPID 
{15C20B67-12E7-4BB6-92BB-7AFF07997402}
 to the user IMQS\ScottP SID (S-1-5-21-3765721009-194660189-3906104624-18310) from address LocalHost (Using LRPC) running in the application container Unavailable SID (Unavailable). This security permission can be modified using the Component Services administrative tool."
"2025/12/06 16:05:44"	"10005"	"Error"	"Microsoft-Windows-DistributedCOM"	"DCOM got error ""2"" attempting to start the service LMS with arguments ""Unavailable"" in order to run the server:
{7CABC14E-7C51-4AAA-AE3F-CFEB42D5016A}"
"2025/12/06 16:05:44"	"7000"	"Error"	"Service Control Manager"	"The Intel(R) Management and Security Application Local Management Service service failed to start due to the following error: 
The system cannot find the file specified."
"2025/12/06 16:03:36"	"10016"	"Warning"	"Microsoft-Windows-DistributedCOM"	"The application-specific permission settings do not grant Local Activation permission for the COM Server application with CLSID 
{2593F8B9-4EAF-457C-B68A-50F6B8EA6B54}
 and APPID 
{15C20B67-12E7-4BB6-92BB-7AFF07997402}
 to the user IMQS\ScottP SID (S-1-5-21-3765721009-194660189-3906104624-18310) from address LocalHost (Using LRPC) running in the application container MSTeams_25306.804.4102.7193_x64__8wekyb3d8bbwe SID (Unavailable). This security permission can be modified using the Component Services administrative tool."
"2025/12/06 16:03:10"	"10016"	"Warning"	"Microsoft-Windows-DistributedCOM"	"The application-specific permission settings do not grant Local Activation permission for the COM Server application with CLSID 
{2593F8B9-4EAF-457C-B68A-50F6B8EA6B54}
 and APPID 
{15C20B67-12E7-4BB6-92BB-7AFF07997402}
 to the user IMQS\ScottP SID (S-1-5-21-3765721009-194660189-3906104624-18310) from address LocalHost (Using LRPC) running in the application container Unavailable SID (Unavailable). This security permission can be modified using the Component Services administrative tool."
"2025/12/06 16:03:10"	"129"	"Warning"	"Microsoft-Windows-Time-Service"	"NtpClient was unable to set a domain peer to use as a time source because of discovery error. NtpClient will try again in 15 minutes and double the reattempt interval thereafter. The error was: The entry is not found. (0x800706E1)"
"2025/12/06 16:03:09"	"10016"	"Warning"	"Microsoft-Windows-DistributedCOM"	"The application-specific permission settings do not grant Local Activation permission for the COM Server application with CLSID 
{2593F8B9-4EAF-457C-B68A-50F6B8EA6B54}
 and APPID 
{15C20B67-12E7-4BB6-92BB-7AFF07997402}
 to the user IMQS\ScottP SID (S-1-5-21-3765721009-194660189-3906104624-18310) from address LocalHost (Using LRPC) running in the application container Unavailable SID (Unavailable). This security permission can be modified using the Component Services administrative tool."
"2025/12/06 16:02:41"	"1130"	"Error"	"Microsoft-Windows-GroupPolicy"	"Logon script failed. 
	GPO Name : Change Local Admin Account
	GPO File System Path : \\imqs.local\SysVol\imqs.local\Policies\{D5314A68-BAC1-4A27-910C-B0E6E555C19C}\User
	Script Name: Passwordrest.bat"
"2025/12/06 16:02:41"	"1130"	"Error"	"Microsoft-Windows-GroupPolicy"	"Logon script failed. 
	GPO Name : StartUpScript
	GPO File System Path : \\imqs.local\SysVol\imqs.local\Policies\{F12D16CB-40FF-41BC-8531-CB626633BA13}\User
	Script Name: \\Caesar\sysvol\imqs.local\scripts\Reset Windows Updates.bat"
"2025/12/06 16:02:41"	"1130"	"Error"	"Microsoft-Windows-GroupPolicy"	"Logon script failed. 
	GPO Name : COMODO
	GPO File System Path : \\imqs.local\SysVol\imqs.local\Policies\{42582AFD-7A5C-472E-931C-4AFD3D87B553}\User
	Script Name: C:\Users\Public\Downloads\COMODO Web DLP Subsystem.ps1.ps1"
"2025/12/06 16:02:41"	"1130"	"Error"	"Microsoft-Windows-GroupPolicy"	"Logon script failed. 
	GPO Name : COMODO
	GPO File System Path : \\imqs.local\SysVol\imqs.local\Policies\{42582AFD-7A5C-472E-931C-4AFD3D87B553}\User
	Script Name: C:\Users\Public\Downloads\COMODO Virtual Service Manager.ps1.ps1"
"2025/12/06 16:02:38"	"10016"	"Warning"	"Microsoft-Windows-DistributedCOM"	"The application-specific permission settings do not grant Local Activation permission for the COM Server application with CLSID 
{6B3B8D23-FA8D-40B9-8DBD-B950333E2C52}
 and APPID 
{4839DDB7-58C2-48F5-8283-E1D1807D0D7D}
 to the user NT AUTHORITY\LOCAL SERVICE SID (S-1-5-19) from address LocalHost (Using LRPC) running in the application container Unavailable SID (Unavailable). This security permission can be modified using the Component Services administrative tool."
"2025/12/06 16:02:38"	"10016"	"Warning"	"Microsoft-Windows-DistributedCOM"	"The application-specific permission settings do not grant Local Activation permission for the COM Server application with CLSID 
{6B3B8D23-FA8D-40B9-8DBD-B950333E2C52}
 and APPID 
{4839DDB7-58C2-48F5-8283-E1D1807D0D7D}
 to the user NT AUTHORITY\LOCAL SERVICE SID (S-1-5-19) from address LocalHost (Using LRPC) running in the application container Unavailable SID (Unavailable). This security permission can be modified using the Component Services administrative tool."
"2025/12/06 16:02:38"	"7023"	"Error"	"Service Control Manager"	"The MessagingService_ee20c2f service terminated with the following error: 
The device is not ready."
