================================================================================
TripWire Report: security.txt
================================================================================

[2025-12-12 10:10:08] Information | Microsoft-Windows-Security-Auditing      | Special privileges assigned to new logon. Subject: Security ID: S-1-5-18 Account Name: SYSTEM Account Domain: NT AUTHORITY Logon ID: 0x3E7 Privileges: SeAssignPrimaryTokenPrivilege SeTcbPrivilege SeSecurityPrivilege SeTakeOwnershipPrivilege SeLoadDriverPrivilege SeBackupPrivilege SeRestorePrivilege SeDebugPrivilege SeAuditPrivilege SeSystemEnvironmentPrivilege SeImpersonatePrivilege SeDelegateSessionUserImpersonatePrivilege [4672]
[2025-12-12 10:07:31] Information | Microsoft-Windows-Security-Auditing      | Special privileges assigned to new logon. Subject: Security ID: S-1-5-18 Account Name: SYSTEM Account Domain: NT AUTHORITY Logon ID: 0x3E7 Privileges: SeAssignPrimaryTokenPrivilege SeTcbPrivilege SeSecurityPrivilege SeTakeOwnershipPrivilege SeLoadDriverPrivilege SeBackupPrivilege SeRestorePrivilege SeDebugPrivilege SeAuditPrivilege SeSystemEnvironmentPrivilege SeImpersonatePrivilege SeDelegateSessionUserImpersonatePrivilege [4672]
[2025-12-12 10:03:58] Information | Microsoft-Windows-Security-Auditing      | Special privileges assigned to new logon. Subject: Security ID: S-1-5-18 Account Name: SYSTEM Account Domain: NT AUTHORITY Logon ID: 0x3E7 Privileges: SeAssignPrimaryTokenPrivilege SeTcbPrivilege SeSecurityPrivilege SeTakeOwnershipPrivilege SeLoadDriverPrivilege SeBackupPrivilege SeRestorePrivilege SeDebugPrivilege SeAuditPrivilege SeSystemEnvironmentPrivilege SeImpersonatePrivilege SeDelegateSessionUserImpersonatePrivilege [4672]
[2025-12-12 10:02:47] Information | Microsoft-Windows-Security-Auditing      | Special privileges assigned to new logon. Subject: Security ID: S-1-5-21-3765721009-194660189-3906104624-18310 Account Name: ScottP Account Domain: IMQS Logon ID: 0xDFF3DB0 Privileges: SeSecurityPrivilege SeTakeOwnershipPrivilege SeLoadDriverPrivilege SeBackupPrivilege SeRestorePrivilege SeDebugPrivilege SeSystemEnvironmentPrivilege SeImpersonatePrivilege SeDelegateSessionUserImpersonatePrivilege [4672]
[2025-12-12 10:02:47] Information | Microsoft-Windows-Security-Auditing      | A logon was attempted using explicit credentials. Subject: Security ID: S-1-5-18 Account Name: SCOTT5411$ Account Domain: IMQS Logon ID: 0x3E7 Logon GUID: {00000000-0000-0000-0000-000000000000} Account Whose Credentials Were Used: Account Name: ScottP Account Domain: IMQS Logon GUID: {e2dec2f9-35aa-2da1-6537-a3687d4bde14} Target Server: Target Server Name: localhost Additional Information: localhost Process Information: Process ID: 0x554 Process Name: C:\Windows\System32\lsass.exe Network Information: Network Address: - Port: - This event is generated when a process attempts to log on an account by explicitly specifying that account’s credentials.  This most commonly occurs in batch-type configurations such as scheduled tasks, or when using the RUNAS command. [4648]
[2025-12-12 10:02:47] Information | Microsoft-Windows-Security-Auditing      | Special privileges assigned to new logon. Subject: Security ID: S-1-5-18 Account Name: SYSTEM Account Domain: NT AUTHORITY Logon ID: 0x3E7 Privileges: SeAssignPrimaryTokenPrivilege SeTcbPrivilege SeSecurityPrivilege SeTakeOwnershipPrivilege SeLoadDriverPrivilege SeBackupPrivilege SeRestorePrivilege SeDebugPrivilege SeAuditPrivilege SeSystemEnvironmentPrivilege SeImpersonatePrivilege SeDelegateSessionUserImpersonatePrivilege [4672]
[2025-12-12 10:02:47] Information | Microsoft-Windows-Security-Auditing      | Special privileges assigned to new logon. Subject: Security ID: S-1-5-18 Account Name: SYSTEM Account Domain: NT AUTHORITY Logon ID: 0x3E7 Privileges: SeAssignPrimaryTokenPrivilege SeTcbPrivilege SeSecurityPrivilege SeTakeOwnershipPrivilege SeLoadDriverPrivilege SeBackupPrivilege SeRestorePrivilege SeDebugPrivilege SeAuditPrivilege SeSystemEnvironmentPrivilege SeImpersonatePrivilege SeDelegateSessionUserImpersonatePrivilege [4672]
[2025-12-12 10:02:47] Information | Microsoft-Windows-Security-Auditing      | Special privileges assigned to new logon. Subject: Security ID: S-1-5-21-3765721009-194660189-3906104624-18310 Account Name: ScottP Account Domain: IMQS Logon ID: 0xDFF3CB9 Privileges: SeSecurityPrivilege SeTakeOwnershipPrivilege SeLoadDriverPrivilege SeBackupPrivilege SeRestorePrivilege SeDebugPrivilege SeSystemEnvironmentPrivilege SeImpersonatePrivilege SeDelegateSessionUserImpersonatePrivilege [4672]
[2025-12-12 10:02:47] Information | Microsoft-Windows-Security-Auditing      | A logon was attempted using explicit credentials. Subject: Security ID: S-1-5-18 Account Name: SCOTT5411$ Account Domain: IMQS Logon ID: 0x3E7 Logon GUID: {00000000-0000-0000-0000-000000000000} Account Whose Credentials Were Used: Account Name: ScottP Account Domain: IMQS Logon GUID: {00000000-0000-0000-0000-000000000000} Target Server: Target Server Name: localhost Additional Information: localhost Process Information: Process ID: 0xb6c Process Name: C:\Windows\System32\svchost.exe Network Information: Network Address: 127.0.0.1 Port: 0 This event is generated when a process attempts to log on an account by explicitly specifying that account’s credentials.  This most commonly occurs in batch-type configurations such as scheduled tasks, or when using the RUNAS command. [4648]
[2025-12-12 10:02:10] Information | Microsoft-Windows-Security-Auditing      | Special privileges assigned to new logon. Subject: Security ID: S-1-5-18 Account Name: SYSTEM Account Domain: NT AUTHORITY Logon ID: 0x3E7 Privileges: SeAssignPrimaryTokenPrivilege SeTcbPrivilege SeSecurityPrivilege SeTakeOwnershipPrivilege SeLoadDriverPrivilege SeBackupPrivilege SeRestorePrivilege SeDebugPrivilege SeAuditPrivilege SeSystemEnvironmentPrivilege SeImpersonatePrivilege SeDelegateSessionUserImpersonatePrivilege [4672]
[2025-12-12 10:01:16] Information | Microsoft-Windows-Security-Auditing      | Special privileges assigned to new logon. Subject: Security ID: S-1-5-18 Account Name: SYSTEM Account Domain: NT AUTHORITY Logon ID: 0x3E7 Privileges: SeAssignPrimaryTokenPrivilege SeTcbPrivilege SeSecurityPrivilege SeTakeOwnershipPrivilege SeLoadDriverPrivilege SeBackupPrivilege SeRestorePrivilege SeDebugPrivilege SeAuditPrivilege SeSystemEnvironmentPrivilege SeImpersonatePrivilege SeDelegateSessionUserImpersonatePrivilege [4672]
[2025-12-12 10:00:51] Information | Microsoft-Windows-Security-Auditing      | Special privileges assigned to new logon. Subject: Security ID: S-1-5-18 Account Name: SYSTEM Account Domain: NT AUTHORITY Logon ID: 0x3E7 Privileges: SeAssignPrimaryTokenPrivilege SeTcbPrivilege SeSecurityPrivilege SeTakeOwnershipPrivilege SeLoadDriverPrivilege SeBackupPrivilege SeRestorePrivilege SeDebugPrivilege SeAuditPrivilege SeSystemEnvironmentPrivilege SeImpersonatePrivilege SeDelegateSessionUserImpersonatePrivilege [4672]
[2025-12-12 10:00:50] Information | Microsoft-Windows-Security-Auditing      | Special privileges assigned to new logon. Subject: Security ID: S-1-5-18 Account Name: SYSTEM Account Domain: NT AUTHORITY Logon ID: 0x3E7 Privileges: SeAssignPrimaryTokenPrivilege SeTcbPrivilege SeSecurityPrivilege SeTakeOwnershipPrivilege SeLoadDriverPrivilege SeBackupPrivilege SeRestorePrivilege SeDebugPrivilege SeAuditPrivilege SeSystemEnvironmentPrivilege SeImpersonatePrivilege SeDelegateSessionUserImpersonatePrivilege [4672]
[2025-12-12 10:10:34] INFO     | Security.tsv                             | <no message>
[2025-12-12 10:10:34] INFO     | Security.tsv                             | <no message>
[2025-12-12 10:10:34] INFO     | Security.tsv                             | <no message>
[2025-12-12 10:10:34] INFO     | Security.tsv                             | <no message>
[2025-12-12 10:10:34] INFO     | Security.tsv                             | <no message>
[2025-12-12 10:10:34] INFO     | Security.tsv                             | <no message>
[2025-12-12 10:10:34] INFO     | Security.tsv                             | <no message>
[2025-12-12 10:10:34] INFO     | Security.tsv                             | <no message>
[2025-12-12 10:10:34] INFO     | Security.tsv                             | <no message>
[2025-12-12 10:10:34] INFO     | Security.tsv                             | <no message>
[2025-12-12 10:10:34] INFO     | Security.tsv                             | <no message>
[2025-12-12 10:10:34] INFO     | Security.tsv                             | <no message>
[2025-12-12 10:10:34] INFO     | Security.tsv                             | <no message>
[2025-12-12 10:10:34] INFO     | Security.tsv                             | <no message>
[2025-12-12 10:10:34] INFO     | Security.tsv                             | <no message>
[2025-12-12 10:10:34] INFO     | Security.tsv                             | <no message>
[2025-12-12 10:10:34] INFO     | Security.tsv                             | <no message>
[2025-12-12 10:10:34] INFO     | Security.tsv                             | <no message>
[2025-12-12 10:10:34] INFO     | Security.tsv                             | <no message>
[2025-12-12 10:10:34] INFO     | Security.tsv                             | <no message>
[2025-12-12 10:10:34] INFO     | Security.tsv                             | <no message>
[2025-12-12 10:10:34] INFO     | Security.tsv                             | <no message>
[2025-12-12 10:10:34] INFO     | Security.tsv                             | <no message>
[2025-12-12 10:10:34] INFO     | Security.tsv                             | <no message>
[2025-12-12 10:10:34] INFO     | Security.tsv                             | <no message>
[2025-12-12 10:10:34] INFO     | Security.tsv                             | <no message>
[2025-12-12 10:10:34] INFO     | Security.tsv                             | <no message>
[2025-12-12 10:10:34] INFO     | Security.tsv                             | <no message>
[2025-12-12 10:10:34] INFO     | Security.tsv                             | <no message>
[2025-12-12 10:10:34] INFO     | Security.tsv                             | <no message>
[2025-12-12 10:10:34] INFO     | Security.tsv                             | <no message>
[2025-12-12 10:10:34] INFO     | Security.tsv                             | <no message>
[2025-12-12 10:10:34] INFO     | Security.tsv                             | <no message>
[2025-12-12 10:10:34] INFO     | Security.tsv                             | <no message>
[2025-12-12 10:10:34] INFO     | Security.tsv                             | <no message>
[2025-12-12 10:10:34] INFO     | Security.tsv                             | <no message>
[2025-12-12 10:10:34] INFO     | Security.tsv                             | <no message>
[2025-12-12 10:10:34] INFO     | Security.tsv                             | <no message>
[2025-12-12 10:10:34] INFO     | Security.tsv                             | <no message>
[2025-12-12 10:10:34] INFO     | Security.tsv                             | <no message>
[2025-12-12 10:10:34] INFO     | Security.tsv                             | <no message>
[2025-12-12 10:10:34] INFO     | Security.tsv                             | <no message>
[2025-12-12 10:10:34] INFO     | Security.tsv                             | <no message>
[2025-12-12 10:10:34] INFO     | Security.tsv                             | <no message>
[2025-12-12 10:10:34] INFO     | Security.tsv                             | <no message>
[2025-12-12 10:10:34] INFO     | Security.tsv                             | <no message>
[2025-12-12 10:10:34] INFO     | Security.tsv                             | <no message>
[2025-12-12 10:10:34] INFO     | Security.tsv                             | <no message>
[2025-12-12 10:10:34] INFO     | Security.tsv                             | <no message>
[2025-12-12 10:10:34] INFO     | Security.tsv                             | <no message>
[2025-12-12 10:10:34] INFO     | Security.tsv                             | <no message>
[2025-12-12 10:10:34] INFO     | Security.tsv                             | <no message>
[2025-12-12 10:10:34] INFO     | Security.tsv                             | <no message>
[2025-12-12 10:10:34] INFO     | Security.tsv                             | <no message>
[2025-12-12 10:10:34] INFO     | Security.tsv                             | <no message>
[2025-12-12 10:10:34] INFO     | Security.tsv                             | <no message>
[2025-12-12 10:10:34] INFO     | Security.tsv                             | <no message>
[2025-12-12 10:10:34] INFO     | Security.tsv                             | <no message>
[2025-12-12 10:10:34] INFO     | Security.tsv                             | <no message>
[2025-12-12 10:10:34] INFO     | Security.tsv                             | <no message>
[2025-12-12 10:10:34] INFO     | Security.tsv                             | <no message>
[2025-12-12 10:10:34] INFO     | Security.tsv                             | <no message>
[2025-12-12 10:10:34] INFO     | Security.tsv                             | <no message>
[2025-12-12 10:10:34] INFO     | Security.tsv                             | <no message>
[2025-12-12 10:10:34] INFO     | Security.tsv                             | <no message>
[2025-12-12 10:10:34] INFO     | Security.tsv                             | <no message>
[2025-12-12 10:10:34] INFO     | Security.tsv                             | <no message>
[2025-12-12 10:10:34] INFO     | Security.tsv                             | <no message>
[2025-12-12 10:10:34] INFO     | Security.tsv                             | <no message>
[2025-12-12 10:10:34] INFO     | Security.tsv                             | <no message>
[2025-12-12 10:10:34] INFO     | Security.tsv                             | <no message>
[2025-12-12 10:10:34] INFO     | Security.tsv                             | <no message>
[2025-12-12 10:10:34] INFO     | Security.tsv                             | <no message>
[2025-12-12 10:10:34] INFO     | Security.tsv                             | <no message>
[2025-12-12 10:10:34] INFO     | Security.tsv                             | <no message>
[2025-12-12 10:10:34] INFO     | Security.tsv                             | <no message>
[2025-12-12 10:10:34] INFO     | Security.tsv                             | <no message>
[2025-12-12 10:10:34] INFO     | Security.tsv                             | <no message>
[2025-12-12 10:10:34] INFO     | Security.tsv                             | <no message>
[2025-12-12 10:10:34] INFO     | Security.tsv                             | <no message>
[2025-12-12 10:10:34] INFO     | Security.tsv                             | <no message>
[2025-12-12 10:10:34] INFO     | Security.tsv                             | <no message>
[2025-12-12 10:10:34] INFO     | Security.tsv                             | <no message>
[2025-12-12 10:10:34] INFO     | Security.tsv                             | <no message>
[2025-12-12 10:10:34] INFO     | Security.tsv                             | <no message>
[2025-12-12 10:10:34] INFO     | Security.tsv                             | <no message>
[2025-12-12 10:10:34] INFO     | Security.tsv                             | <no message>
[2025-12-12 10:10:34] INFO     | Security.tsv                             | <no message>
[2025-12-12 10:10:34] INFO     | Security.tsv                             | <no message>
[2025-12-12 10:10:34] INFO     | Security.tsv                             | <no message>
[2025-12-12 10:10:34] INFO     | Security.tsv                             | <no message>
[2025-12-12 10:10:34] INFO     | Security.tsv                             | <no message>
[2025-12-12 10:10:34] INFO     | Security.tsv                             | <no message>
[2025-12-12 10:10:34] INFO     | Security.tsv                             | <no message>
[2025-12-12 10:10:34] INFO     | Security.tsv                             | <no message>
[2025-12-12 10:10:34] INFO     | Security.tsv                             | <no message>
[2025-12-12 10:10:34] INFO     | Security.tsv                             | <no message>
[2025-12-12 10:10:34] INFO     | Security.tsv                             | <no message>
[2025-12-12 10:10:34] INFO     | Security.tsv                             | <no message>
[2025-12-12 10:10:34] INFO     | Security.tsv                             | <no message>
[2025-12-12 10:10:34] INFO     | Security.tsv                             | <no message>
[2025-12-12 10:10:34] INFO     | Security.tsv                             | <no message>
[2025-12-12 10:10:34] INFO     | Security.tsv                             | <no message>
[2025-12-12 10:10:34] INFO     | Security.tsv                             | <no message>
[2025-12-12 10:10:34] INFO     | Security.tsv                             | <no message>
[2025-12-12 10:10:34] INFO     | Security.tsv                             | <no message>
[2025-12-12 10:10:34] INFO     | Security.tsv                             | <no message>
[2025-12-12 10:10:34] INFO     | Security.tsv                             | <no message>
[2025-12-12 10:10:34] INFO     | Security.tsv                             | <no message>
[2025-12-12 10:10:34] INFO     | Security.tsv                             | <no message>
[2025-12-12 10:10:34] INFO     | Security.tsv                             | <no message>
[2025-12-12 10:10:34] INFO     | Security.tsv                             | <no message>
[2025-12-12 10:10:34] INFO     | Security.tsv                             | <no message>
[2025-12-12 10:10:34] INFO     | Security.tsv                             | <no message>
[2025-12-12 10:10:34] INFO     | Security.tsv                             | <no message>
[2025-12-12 10:10:34] INFO     | Security.tsv                             | <no message>
[2025-12-12 10:10:34] INFO     | Security.tsv                             | <no message>
[2025-12-12 10:10:34] INFO     | Security.tsv                             | <no message>
[2025-12-12 10:10:34] INFO     | Security.tsv                             | <no message>
[2025-12-12 10:10:34] INFO     | Security.tsv                             | <no message>
[2025-12-12 10:10:34] INFO     | Security.tsv                             | <no message>
[2025-12-12 10:10:34] INFO     | Security.tsv                             | <no message>
[2025-12-12 10:10:34] INFO     | Security.tsv                             | <no message>
[2025-12-12 10:10:34] INFO     | Security.tsv                             | <no message>
[2025-12-12 10:10:34] INFO     | Security.tsv                             | <no message>
[2025-12-12 10:10:34] INFO     | Security.tsv                             | <no message>
[2025-12-12 10:10:34] INFO     | Security.tsv                             | <no message>
[2025-12-12 10:10:34] INFO     | Security.tsv                             | <no message>
[2025-12-12 10:10:34] INFO     | Security.tsv                             | <no message>
[2025-12-12 10:10:34] INFO     | Security.tsv                             | <no message>
[2025-12-12 10:10:34] INFO     | Security.tsv                             | <no message>
[2025-12-12 10:10:34] INFO     | Security.tsv                             | <no message>
[2025-12-12 10:10:34] INFO     | Security.tsv                             | <no message>
[2025-12-12 10:10:34] INFO     | Security.tsv                             | <no message>
[2025-12-12 10:10:34] INFO     | Security.tsv                             | <no message>
[2025-12-12 10:10:34] INFO     | Security.tsv                             | <no message>
[2025-12-12 10:10:34] INFO     | Security.tsv                             | <no message>
[2025-12-12 10:10:34] INFO     | Security.tsv                             | <no message>
[2025-12-12 10:10:34] INFO     | Security.tsv                             | <no message>
[2025-12-12 10:10:34] INFO     | Security.tsv                             | <no message>
[2025-12-12 10:10:34] INFO     | Security.tsv                             | <no message>
[2025-12-12 10:10:34] INFO     | Security.tsv                             | <no message>
[2025-12-12 10:10:34] INFO     | Security.tsv                             | <no message>
[2025-12-12 10:10:34] INFO     | Security.tsv                             | <no message>
[2025-12-12 10:10:34] INFO     | Security.tsv                             | <no message>
[2025-12-12 10:10:34] INFO     | Security.tsv                             | <no message>
[2025-12-12 10:10:34] INFO     | Security.tsv                             | <no message>
[2025-12-12 10:10:34] INFO     | Security.tsv                             | <no message>
[2025-12-12 10:10:34] INFO     | Security.tsv                             | <no message>
[2025-12-12 10:10:34] INFO     | Security.tsv                             | <no message>
[2025-12-12 10:10:34] INFO     | Security.tsv                             | <no message>
[2025-12-12 10:10:34] INFO     | Security.tsv                             | <no message>
[2025-12-12 10:10:34] INFO     | Security.tsv                             | <no message>
[2025-12-12 10:10:34] INFO     | Security.tsv                             | <no message>
[2025-12-12 10:10:34] INFO     | Security.tsv                             | <no message>
[2025-12-12 10:10:34] INFO     | Security.tsv                             | <no message>
[2025-12-12 10:10:34] INFO     | Security.tsv                             | <no message>
[2025-12-12 10:10:34] INFO     | Security.tsv                             | <no message>
[2025-12-12 10:10:34] INFO     | Security.tsv                             | <no message>
[2025-12-12 10:10:34] INFO     | Security.tsv                             | <no message>
[2025-12-12 10:10:34] INFO     | Security.tsv                             | <no message>
[2025-12-12 10:10:34] INFO     | Security.tsv                             | <no message>

================================================================================
Total: 175 events
